{"/Users/themeetpatel/Startups/biggdate/apps/mobile/src/components/ai-chat.tsx": {"path":"/Users/themeetpatel/Startups/biggdate/apps/mobile/src/components/ai-chat.tsx","statementMap":{"0":{"start":{"line":25,"column":16},"end":{"line":25,"column":45}},"1":{"start":{"line":39,"column":2},"end":{"line":41,"column":14}},"2":{"start":{"line":40,"column":20},"end":{"line":40,"column":57}},"3":{"start":{"line":57,"column":16},"end":{"line":57,"column":26}},"4":{"start":{"line":58,"column":28},"end":{"line":58,"column":40}},"5":{"start":{"line":60,"column":20},"end":{"line":74,"column":3}},"6":{"start":{"line":62,"column":6},"end":{"line":72,"column":8}},"7":{"start":{"line":66,"column":27},"end":{"line":66,"column":59}},"8":{"start":{"line":67,"column":24},"end":{"line":67,"column":50}},"9":{"start":{"line":68,"column":50},"end":{"line":68,"column":52}},"10":{"start":{"line":69,"column":10},"end":{"line":69,"column":63}},"11":{"start":{"line":69,"column":21},"end":{"line":69,"column":63}},"12":{"start":{"line":70,"column":10},"end":{"line":70,"column":25}},"13":{"start":{"line":76,"column":51},"end":{"line":76,"column":73}},"14":{"start":{"line":77,"column":15},"end":{"line":77,"column":63}},"15":{"start":{"line":79,"column":18},"end":{"line":79,"column":41}},"16":{"start":{"line":82,"column":17},"end":{"line":82,"column":29}},"17":{"start":{"line":83,"column":4},"end":{"line":83,"column":30}},"18":{"start":{"line":83,"column":23},"end":{"line":83,"column":30}},"19":{"start":{"line":84,"column":4},"end":{"line":84,"column":17}},"20":{"start":{"line":85,"column":4},"end":{"line":85,"column":31}},"21":{"start":{"line":88,"column":2},"end":{"line":179,"column":4}},"22":{"start":{"line":106,"column":39},"end":{"line":106,"column":49}},"23":{"start":{"line":124,"column":27},"end":{"line":124,"column":47}},"24":{"start":{"line":125,"column":27},"end":{"line":125,"column":44}},"25":{"start":{"line":126,"column":14},"end":{"line":126,"column":37}},"26":{"start":{"line":126,"column":25},"end":{"line":126,"column":37}},"27":{"start":{"line":127,"column":14},"end":{"line":141,"column":16}},"28":{"start":{"line":182,"column":15},"end":{"line":245,"column":2}}},"fnMap":{"0":{"name":"messageText","decl":{"start":{"line":38,"column":9},"end":{"line":38,"column":20}},"loc":{"start":{"line":38,"column":49},"end":{"line":42,"column":1}},"line":38},"1":{"name":"(anonymous_1)","decl":{"start":{"line":40,"column":9},"end":{"line":40,"column":10}},"loc":{"start":{"line":40,"column":20},"end":{"line":40,"column":57}},"line":40},"2":{"name":"AiChat","decl":{"start":{"line":49,"column":16},"end":{"line":49,"column":22}},"loc":{"start":{"line":56,"column":16},"end":{"line":180,"column":1}},"line":56},"3":{"name":"(anonymous_3)","decl":{"start":{"line":61,"column":4},"end":{"line":61,"column":5}},"loc":{"start":{"line":62,"column":6},"end":{"line":72,"column":8}},"line":62},"4":{"name":"(anonymous_4)","decl":{"start":{"line":65,"column":17},"end":{"line":65,"column":18}},"loc":{"start":{"line":65,"column":62},"end":{"line":71,"column":9}},"line":65},"5":{"name":"handleSend","decl":{"start":{"line":81,"column":11},"end":{"line":81,"column":21}},"loc":{"start":{"line":81,"column":24},"end":{"line":86,"column":3}},"line":81},"6":{"name":"(anonymous_6)","decl":{"start":{"line":106,"column":26},"end":{"line":106,"column":27}},"loc":{"start":{"line":106,"column":39},"end":{"line":106,"column":49}},"line":106},"7":{"name":"(anonymous_7)","decl":{"start":{"line":123,"column":24},"end":{"line":123,"column":25}},"loc":{"start":{"line":123,"column":38},"end":{"line":142,"column":13}},"line":123}},"branchMap":{"0":{"loc":{"start":{"line":40,"column":20},"end":{"line":40,"column":57}},"type":"cond-expr","locations":[{"start":{"line":40,"column":43},"end":{"line":40,"column":52}},{"start":{"line":40,"column":55},"end":{"line":40,"column":57}}],"line":40},"1":{"loc":{"start":{"line":69,"column":10},"end":{"line":69,"column":63}},"type":"if","locations":[{"start":{"line":69,"column":10},"end":{"line":69,"column":63}},{"start":{},"end":{}}],"line":69},"2":{"loc":{"start":{"line":77,"column":15},"end":{"line":77,"column":63}},"type":"binary-expr","locations":[{"start":{"line":77,"column":15},"end":{"line":77,"column":37}},{"start":{"line":77,"column":41},"end":{"line":77,"column":63}}],"line":77},"3":{"loc":{"start":{"line":83,"column":4},"end":{"line":83,"column":30}},"type":"if","locations":[{"start":{"line":83,"column":4},"end":{"line":83,"column":30}},{"start":{},"end":{}}],"line":83},"4":{"loc":{"start":{"line":83,"column":8},"end":{"line":83,"column":21}},"type":"binary-expr","locations":[{"start":{"line":83,"column":8},"end":{"line":83,"column":13}},{"start":{"line":83,"column":17},"end":{"line":83,"column":21}}],"line":83},"5":{"loc":{"start":{"line":92,"column":11},"end":{"line":96,"column":18}},"type":"cond-expr","locations":[{"start":{"line":93,"column":12},"end":{"line":95,"column":24}},{"start":{"line":96,"column":14},"end":{"line":96,"column":18}}],"line":92},"6":{"loc":{"start":{"line":102,"column":20},"end":{"line":102,"column":65}},"type":"cond-expr","locations":[{"start":{"line":102,"column":44},"end":{"line":102,"column":53}},{"start":{"line":102,"column":56},"end":{"line":102,"column":65}}],"line":102},"7":{"loc":{"start":{"line":117,"column":14},"end":{"line":121,"column":22}},"type":"cond-expr","locations":[{"start":{"line":118,"column":16},"end":{"line":120,"column":23}},{"start":{"line":121,"column":18},"end":{"line":121,"column":22}}],"line":117},"8":{"loc":{"start":{"line":126,"column":14},"end":{"line":126,"column":37}},"type":"if","locations":[{"start":{"line":126,"column":14},"end":{"line":126,"column":37}},{"start":{},"end":{}}],"line":126},"9":{"loc":{"start":{"line":128,"column":48},"end":{"line":128,"column":88}},"type":"cond-expr","locations":[{"start":{"line":128,"column":55},"end":{"line":128,"column":69}},{"start":{"line":128,"column":72},"end":{"line":128,"column":88}}],"line":128},"10":{"loc":{"start":{"line":132,"column":41},"end":{"line":132,"column":84}},"type":"cond-expr","locations":[{"start":{"line":132,"column":48},"end":{"line":132,"column":58}},{"start":{"line":132,"column":61},"end":{"line":132,"column":84}}],"line":132},"11":{"loc":{"start":{"line":136,"column":38},"end":{"line":136,"column":74}},"type":"cond-expr","locations":[{"start":{"line":136,"column":45},"end":{"line":136,"column":61}},{"start":{"line":136,"column":64},"end":{"line":136,"column":74}}],"line":136},"12":{"loc":{"start":{"line":145,"column":11},"end":{"line":149,"column":18}},"type":"cond-expr","locations":[{"start":{"line":146,"column":12},"end":{"line":148,"column":25}},{"start":{"line":149,"column":14},"end":{"line":149,"column":18}}],"line":145},"13":{"loc":{"start":{"line":165,"column":24},"end":{"line":165,"column":45}},"type":"binary-expr","locations":[{"start":{"line":165,"column":24},"end":{"line":165,"column":28}},{"start":{"line":165,"column":32},"end":{"line":165,"column":45}}],"line":165},"14":{"loc":{"start":{"line":169,"column":56},"end":{"line":169,"column":87}},"type":"cond-expr","locations":[{"start":{"line":169,"column":80},"end":{"line":169,"column":83}},{"start":{"line":169,"column":86},"end":{"line":169,"column":87}}],"line":169},"15":{"loc":{"start":{"line":169,"column":56},"end":{"line":169,"column":77}},"type":"binary-expr","locations":[{"start":{"line":169,"column":56},"end":{"line":169,"column":60}},{"start":{"line":169,"column":64},"end":{"line":169,"column":77}}],"line":169}},"s":{"0":0,"1":0,"2":0,"3":0,"4":0,"5":0,"6":0,"7":0,"8":0,"9":0,"10":0,"11":0,"12":0,"13":0,"14":0,"15":0,"16":0,"17":0,"18":0,"19":0,"20":0,"21":0,"22":0,"23":0,"24":0,"25":0,"26":0,"27":0,"28":0},"f":{"0":0,"1":0,"2":0,"3":0,"4":0,"5":0,"6":0,"7":0},"b":{"0":[0,0],"1":[0,0],"2":[0,0],"3":[0,0],"4":[0,0],"5":[0,0],"6":[0,0],"7":[0,0],"8":[0,0],"9":[0,0],"10":[0,0],"11":[0,0],"12":[0,0],"13":[0,0],"14":[0,0],"15":[0,0]}}
,"/Users/themeetpatel/Startups/biggdate/apps/mobile/src/components/animated-icon.tsx": {"path":"/Users/themeetpatel/Startups/biggdate/apps/mobile/src/components/animated-icon.tsx","statementMap":{"0":{"start":{"line":7,"column":29},"end":{"line":7,"column":65}},"1":{"start":{"line":8,"column":17},"end":{"line":8,"column":20}},"2":{"start":{"line":10,"column":23},"end":{"line":27,"column":2}},"3":{"start":{"line":30,"column":32},"end":{"line":30,"column":46}},"4":{"start":{"line":32,"column":2},"end":{"line":32,"column":28}},"5":{"start":{"line":32,"column":16},"end":{"line":32,"column":28}},"6":{"start":{"line":34,"column":2},"end":{"line":44,"column":4}},"7":{"start":{"line":38,"column":8},"end":{"line":40,"column":9}},"8":{"start":{"line":39,"column":10},"end":{"line":39,"column":42}},"9":{"start":{"line":47,"column":17},"end":{"line":55,"column":2}},"10":{"start":{"line":57,"column":21},"end":{"line":72,"column":2}},"11":{"start":{"line":74,"column":21},"end":{"line":81,"column":2}},"12":{"start":{"line":84,"column":2},"end":{"line":95,"column":4}},"13":{"start":{"line":98,"column":15},"end":{"line":132,"column":2}}},"fnMap":{"0":{"name":"AnimatedSplashOverlay","decl":{"start":{"line":29,"column":16},"end":{"line":29,"column":37}},"loc":{"start":{"line":29,"column":40},"end":{"line":45,"column":1}},"line":29},"1":{"name":"(anonymous_1)","decl":{"start":{"line":36,"column":63},"end":{"line":36,"column":64}},"loc":{"start":{"line":36,"column":77},"end":{"line":41,"column":7}},"line":36},"2":{"name":"AnimatedIcon","decl":{"start":{"line":83,"column":16},"end":{"line":83,"column":28}},"loc":{"start":{"line":83,"column":31},"end":{"line":96,"column":1}},"line":83}},"branchMap":{"0":{"loc":{"start":{"line":32,"column":2},"end":{"line":32,"column":28}},"type":"if","locations":[{"start":{"line":32,"column":2},"end":{"line":32,"column":28}},{"start":{},"end":{}}],"line":32},"1":{"loc":{"start":{"line":38,"column":8},"end":{"line":40,"column":9}},"type":"if","locations":[{"start":{"line":38,"column":8},"end":{"line":40,"column":9}},{"start":{},"end":{}}],"line":38}},"s":{"0":0,"1":0,"2":0,"3":0,"4":0,"5":0,"6":0,"7":0,"8":0,"9":0,"10":0,"11":0,"12":0,"13":0},"f":{"0":0,"1":0,"2":0},"b":{"0":[0,0],"1":[0,0]}}
,"/Users/themeetpatel/Startups/biggdate/apps/mobile/src/components/animated-icon.web.tsx": {"path":"/Users/themeetpatel/Startups/biggdate/apps/mobile/src/components/animated-icon.web.tsx","statementMap":{"0":{"start":{"line":6,"column":17},"end":{"line":6,"column":20}},"1":{"start":{"line":9,"column":2},"end":{"line":9,"column":14}},"2":{"start":{"line":12,"column":17},"end":{"line":24,"column":2}},"3":{"start":{"line":26,"column":21},"end":{"line":40,"column":2}},"4":{"start":{"line":42,"column":21},"end":{"line":55,"column":2}},"5":{"start":{"line":58,"column":2},"end":{"line":72,"column":4}},"6":{"start":{"line":75,"column":15},"end":{"line":108,"column":2}}},"fnMap":{"0":{"name":"AnimatedSplashOverlay","decl":{"start":{"line":8,"column":16},"end":{"line":8,"column":37}},"loc":{"start":{"line":8,"column":40},"end":{"line":10,"column":1}},"line":8},"1":{"name":"AnimatedIcon","decl":{"start":{"line":57,"column":16},"end":{"line":57,"column":28}},"loc":{"start":{"line":57,"column":31},"end":{"line":73,"column":1}},"line":57}},"branchMap":{},"s":{"0":0,"1":0,"2":0,"3":0,"4":0,"5":0,"6":0},"f":{"0":0,"1":0},"b":{}}
,"/Users/themeetpatel/Startups/biggdate/apps/mobile/src/components/error-boundary.tsx": {"path":"/Users/themeetpatel/Startups/biggdate/apps/mobile/src/components/error-boundary.tsx","statementMap":{"0":{"start":{"line":26,"column":30},"end":{"line":26,"column":45}},"1":{"start":{"line":29,"column":4},"end":{"line":29,"column":21}},"2":{"start":{"line":34,"column":4},"end":{"line":36,"column":5}},"3":{"start":{"line":35,"column":6},"end":{"line":35,"column":63}},"4":{"start":{"line":39,"column":10},"end":{"line":41,"column":3}},"5":{"start":{"line":40,"column":4},"end":{"line":40,"column":35}},"6":{"start":{"line":44,"column":4},"end":{"line":59,"column":5}},"7":{"start":{"line":45,"column":6},"end":{"line":58,"column":8}},"8":{"start":{"line":60,"column":4},"end":{"line":60,"column":31}},"9":{"start":{"line":64,"column":15},"end":{"line":77,"column":2}}},"fnMap":{"0":{"name":"(anonymous_0)","decl":{"start":{"line":28,"column":2},"end":{"line":28,"column":3}},"loc":{"start":{"line":28,"column":68},"end":{"line":30,"column":3}},"line":28},"1":{"name":"(anonymous_1)","decl":{"start":{"line":32,"column":2},"end":{"line":32,"column":3}},"loc":{"start":{"line":32,"column":57},"end":{"line":37,"column":3}},"line":32},"2":{"name":"(anonymous_2)","decl":{"start":{"line":39,"column":10},"end":{"line":39,"column":11}},"loc":{"start":{"line":39,"column":22},"end":{"line":41,"column":3}},"line":39},"3":{"name":"(anonymous_3)","decl":{"start":{"line":43,"column":2},"end":{"line":43,"column":3}},"loc":{"start":{"line":43,"column":22},"end":{"line":61,"column":3}},"line":43}},"branchMap":{"0":{"loc":{"start":{"line":34,"column":4},"end":{"line":36,"column":5}},"type":"if","locations":[{"start":{"line":34,"column":4},"end":{"line":36,"column":5}},{"start":{},"end":{}}],"line":34},"1":{"loc":{"start":{"line":34,"column":8},"end":{"line":34,"column":77}},"type":"binary-expr","locations":[{"start":{"line":34,"column":8},"end":{"line":34,"column":38}},{"start":{"line":34,"column":42},"end":{"line":34,"column":77}}],"line":34},"2":{"loc":{"start":{"line":44,"column":4},"end":{"line":59,"column":5}},"type":"if","locations":[{"start":{"line":44,"column":4},"end":{"line":59,"column":5}},{"start":{},"end":{}}],"line":44},"3":{"loc":{"start":{"line":49,"column":15},"end":{"line":49,"column":65}},"type":"binary-expr","locations":[{"start":{"line":49,"column":15},"end":{"line":49,"column":39}},{"start":{"line":49,"column":43},"end":{"line":49,"column":65}}],"line":49},"4":{"loc":{"start":{"line":52,"column":15},"end":{"line":53,"column":106}},"type":"binary-expr","locations":[{"start":{"line":52,"column":15},"end":{"line":52,"column":41}},{"start":{"line":53,"column":16},"end":{"line":53,"column":106}}],"line":52}},"s":{"0":0,"1":0,"2":0,"3":0,"4":0,"5":0,"6":0,"7":0,"8":0,"9":0},"f":{"0":0,"1":0,"2":0,"3":0},"b":{"0":[0,0],"1":[0,0],"2":[0,0],"3":[0,0],"4":[0,0]}}
,"/Users/themeetpatel/Startups/biggdate/apps/mobile/src/components/external-link.tsx": {"path":"/Users/themeetpatel/Startups/biggdate/apps/mobile/src/components/external-link.tsx","statementMap":{"0":{"start":{"line":8,"column":2},"end":{"line":24,"column":4}},"1":{"start":{"line":14,"column":8},"end":{"line":21,"column":9}},"2":{"start":{"line":16,"column":10},"end":{"line":16,"column":33}},"3":{"start":{"line":18,"column":10},"end":{"line":20,"column":13}}},"fnMap":{"0":{"name":"ExternalLink","decl":{"start":{"line":7,"column":16},"end":{"line":7,"column":28}},"loc":{"start":{"line":7,"column":55},"end":{"line":25,"column":1}},"line":7},"1":{"name":"(anonymous_1)","decl":{"start":{"line":13,"column":15},"end":{"line":13,"column":16}},"loc":{"start":{"line":13,"column":32},"end":{"line":22,"column":7}},"line":13}},"branchMap":{"0":{"loc":{"start":{"line":14,"column":8},"end":{"line":21,"column":9}},"type":"if","locations":[{"start":{"line":14,"column":8},"end":{"line":21,"column":9}},{"start":{},"end":{}}],"line":14}},"s":{"0":0,"1":0,"2":0,"3":0},"f":{"0":0,"1":0},"b":{"0":[0,0]}}
,"/Users/themeetpatel/Startups/biggdate/apps/mobile/src/components/hint-row.tsx": {"path":"/Users/themeetpatel/Startups/biggdate/apps/mobile/src/components/hint-row.tsx","statementMap":{"0":{"start":{"line":15,"column":2},"end":{"line":22,"column":4}},"1":{"start":{"line":25,"column":15},"end":{"line":35,"column":2}}},"fnMap":{"0":{"name":"HintRow","decl":{"start":{"line":14,"column":16},"end":{"line":14,"column":23}},"loc":{"start":{"line":14,"column":89},"end":{"line":23,"column":1}},"line":14}},"branchMap":{"0":{"loc":{"start":{"line":14,"column":26},"end":{"line":14,"column":47}},"type":"default-arg","locations":[{"start":{"line":14,"column":34},"end":{"line":14,"column":47}}],"line":14},"1":{"loc":{"start":{"line":14,"column":49},"end":{"line":14,"column":71}},"type":"default-arg","locations":[{"start":{"line":14,"column":56},"end":{"line":14,"column":71}}],"line":14}},"s":{"0":0,"1":0},"f":{"0":0},"b":{"0":[0],"1":[0]}}
,"/Users/themeetpatel/Startups/biggdate/apps/mobile/src/components/match-card.tsx": {"path":"/Users/themeetpatel/Startups/biggdate/apps/mobile/src/components/match-card.tsx","statementMap":{"0":{"start":{"line":15,"column":16},"end":{"line":15,"column":26}},"1":{"start":{"line":17,"column":2},"end":{"line":54,"column":4}},"2":{"start":{"line":21,"column":30},"end":{"line":24,"column":7}},"3":{"start":{"line":57,"column":15},"end":{"line":87,"column":2}}},"fnMap":{"0":{"name":"MatchCard","decl":{"start":{"line":14,"column":16},"end":{"line":14,"column":25}},"loc":{"start":{"line":14,"column":73},"end":{"line":55,"column":1}},"line":14},"1":{"name":"(anonymous_1)","decl":{"start":{"line":21,"column":13},"end":{"line":21,"column":14}},"loc":{"start":{"line":21,"column":30},"end":{"line":24,"column":7}},"line":21}},"branchMap":{"0":{"loc":{"start":{"line":23,"column":61},"end":{"line":23,"column":78}},"type":"cond-expr","locations":[{"start":{"line":23,"column":71},"end":{"line":23,"column":74}},{"start":{"line":23,"column":77},"end":{"line":23,"column":78}}],"line":23},"1":{"loc":{"start":{"line":47,"column":9},"end":{"line":51,"column":16}},"type":"cond-expr","locations":[{"start":{"line":48,"column":10},"end":{"line":50,"column":23}},{"start":{"line":51,"column":12},"end":{"line":51,"column":16}}],"line":47}},"s":{"0":0,"1":0,"2":0,"3":0},"f":{"0":0,"1":0},"b":{"0":[0,0],"1":[0,0]}}
,"/Users/themeetpatel/Startups/biggdate/apps/mobile/src/components/photo-editor.tsx": {"path":"/Users/themeetpatel/Startups/biggdate/apps/mobile/src/components/photo-editor.tsx","statementMap":{"0":{"start":{"line":11,"column":19},"end":{"line":11,"column":20}},"1":{"start":{"line":21,"column":16},"end":{"line":21,"column":26}},"2":{"start":{"line":22,"column":36},"end":{"line":22,"column":51}},"3":{"start":{"line":23,"column":28},"end":{"line":23,"column":57}},"4":{"start":{"line":26,"column":4},"end":{"line":26,"column":19}},"5":{"start":{"line":27,"column":23},"end":{"line":27,"column":78}},"6":{"start":{"line":28,"column":4},"end":{"line":31,"column":5}},"7":{"start":{"line":29,"column":6},"end":{"line":29,"column":65}},"8":{"start":{"line":30,"column":6},"end":{"line":30,"column":13}},"9":{"start":{"line":32,"column":19},"end":{"line":37,"column":6}},"10":{"start":{"line":38,"column":4},"end":{"line":38,"column":32}},"11":{"start":{"line":38,"column":25},"end":{"line":38,"column":32}},"12":{"start":{"line":39,"column":18},"end":{"line":39,"column":34}},"13":{"start":{"line":40,"column":4},"end":{"line":40,"column":23}},"14":{"start":{"line":40,"column":16},"end":{"line":40,"column":23}},"15":{"start":{"line":42,"column":4},"end":{"line":42,"column":23}},"16":{"start":{"line":43,"column":4},"end":{"line":50,"column":5}},"17":{"start":{"line":44,"column":18},"end":{"line":44,"column":49}},"18":{"start":{"line":45,"column":6},"end":{"line":45,"column":33}},"19":{"start":{"line":47,"column":6},"end":{"line":47,"column":80}},"20":{"start":{"line":49,"column":6},"end":{"line":49,"column":26}},"21":{"start":{"line":54,"column":4},"end":{"line":54,"column":54}},"22":{"start":{"line":54,"column":38},"end":{"line":54,"column":51}},"23":{"start":{"line":57,"column":17},"end":{"line":57,"column":57}},"24":{"start":{"line":59,"column":2},"end":{"line":111,"column":4}},"25":{"start":{"line":64,"column":10},"end":{"line":83,"column":22}},"26":{"start":{"line":68,"column":27},"end":{"line":68,"column":44}},"27":{"start":{"line":114,"column":15},"end":{"line":147,"column":2}}},"fnMap":{"0":{"name":"PhotoEditor","decl":{"start":{"line":20,"column":16},"end":{"line":20,"column":27}},"loc":{"start":{"line":20,"column":68},"end":{"line":112,"column":1}},"line":20},"1":{"name":"handleAdd","decl":{"start":{"line":25,"column":17},"end":{"line":25,"column":26}},"loc":{"start":{"line":25,"column":29},"end":{"line":51,"column":3}},"line":25},"2":{"name":"handleRemove","decl":{"start":{"line":53,"column":11},"end":{"line":53,"column":23}},"loc":{"start":{"line":53,"column":37},"end":{"line":55,"column":3}},"line":53},"3":{"name":"(anonymous_3)","decl":{"start":{"line":54,"column":27},"end":{"line":54,"column":28}},"loc":{"start":{"line":54,"column":38},"end":{"line":54,"column":51}},"line":54},"4":{"name":"(anonymous_4)","decl":{"start":{"line":63,"column":20},"end":{"line":63,"column":21}},"loc":{"start":{"line":64,"column":10},"end":{"line":83,"column":22}},"line":64},"5":{"name":"(anonymous_5)","decl":{"start":{"line":68,"column":21},"end":{"line":68,"column":22}},"loc":{"start":{"line":68,"column":27},"end":{"line":68,"column":44}},"line":68}},"branchMap":{"0":{"loc":{"start":{"line":28,"column":4},"end":{"line":31,"column":5}},"type":"if","locations":[{"start":{"line":28,"column":4},"end":{"line":31,"column":5}},{"start":{},"end":{}}],"line":28},"1":{"loc":{"start":{"line":38,"column":4},"end":{"line":38,"column":32}},"type":"if","locations":[{"start":{"line":38,"column":4},"end":{"line":38,"column":32}},{"start":{},"end":{}}],"line":38},"2":{"loc":{"start":{"line":40,"column":4},"end":{"line":40,"column":23}},"type":"if","locations":[{"start":{"line":40,"column":4},"end":{"line":40,"column":23}},{"start":{},"end":{}}],"line":40},"3":{"loc":{"start":{"line":47,"column":15},"end":{"line":47,"column":78}},"type":"cond-expr","locations":[{"start":{"line":47,"column":36},"end":{"line":47,"column":45}},{"start":{"line":47,"column":48},"end":{"line":47,"column":78}}],"line":47},"4":{"loc":{"start":{"line":57,"column":17},"end":{"line":57,"column":57}},"type":"binary-expr","locations":[{"start":{"line":57,"column":17},"end":{"line":57,"column":43}},{"start":{"line":57,"column":47},"end":{"line":57,"column":57}}],"line":57},"5":{"loc":{"start":{"line":86,"column":9},"end":{"line":96,"column":16}},"type":"cond-expr","locations":[{"start":{"line":87,"column":10},"end":{"line":95,"column":22}},{"start":{"line":96,"column":12},"end":{"line":96,"column":16}}],"line":86},"6":{"loc":{"start":{"line":98,"column":9},"end":{"line":102,"column":16}},"type":"cond-expr","locations":[{"start":{"line":99,"column":10},"end":{"line":101,"column":17}},{"start":{"line":102,"column":12},"end":{"line":102,"column":16}}],"line":98},"7":{"loc":{"start":{"line":105,"column":7},"end":{"line":109,"column":14}},"type":"cond-expr","locations":[{"start":{"line":106,"column":8},"end":{"line":108,"column":21}},{"start":{"line":109,"column":10},"end":{"line":109,"column":14}}],"line":105}},"s":{"0":0,"1":0,"2":0,"3":0,"4":0,"5":0,"6":0,"7":0,"8":0,"9":0,"10":0,"11":0,"12":0,"13":0,"14":0,"15":0,"16":0,"17":0,"18":0,"19":0,"20":0,"21":0,"22":0,"23":0,"24":0,"25":0,"26":0,"27":0},"f":{"0":0,"1":0,"2":0,"3":0,"4":0,"5":0},"b":{"0":[0,0],"1":[0,0],"2":[0,0],"3":[0,0],"4":[0,0],"5":[0,0],"6":[0,0],"7":[0,0]}}
,"/Users/themeetpatel/Startups/biggdate/apps/mobile/src/components/pulse-post-card.tsx": {"path":"/Users/themeetpatel/Startups/biggdate/apps/mobile/src/components/pulse-post-card.tsx","statementMap":{"0":{"start":{"line":11,"column":54},"end":{"line":15,"column":1}},"1":{"start":{"line":18,"column":16},"end":{"line":18,"column":26}},"2":{"start":{"line":19,"column":16},"end":{"line":19,"column":32}},"3":{"start":{"line":20,"column":36},"end":{"line":20,"column":62}},"4":{"start":{"line":21,"column":28},"end":{"line":21,"column":56}},"5":{"start":{"line":24,"column":17},"end":{"line":24,"column":27}},"6":{"start":{"line":25,"column":4},"end":{"line":25,"column":23}},"7":{"start":{"line":26,"column":4},"end":{"line":26,"column":53}},"8":{"start":{"line":26,"column":26},"end":{"line":26,"column":51}},"9":{"start":{"line":27,"column":4},"end":{"line":32,"column":7}},"10":{"start":{"line":29,"column":8},"end":{"line":29,"column":28}},"11":{"start":{"line":30,"column":8},"end":{"line":30,"column":57}},"12":{"start":{"line":30,"column":30},"end":{"line":30,"column":55}},"13":{"start":{"line":35,"column":2},"end":{"line":78,"column":4}},"14":{"start":{"line":81,"column":15},"end":{"line":105,"column":2}}},"fnMap":{"0":{"name":"PulsePostCard","decl":{"start":{"line":17,"column":16},"end":{"line":17,"column":29}},"loc":{"start":{"line":17,"column":61},"end":{"line":79,"column":1}},"line":17},"1":{"name":"handleReact","decl":{"start":{"line":23,"column":11},"end":{"line":23,"column":22}},"loc":{"start":{"line":23,"column":25},"end":{"line":33,"column":3}},"line":23},"2":{"name":"(anonymous_2)","decl":{"start":{"line":26,"column":13},"end":{"line":26,"column":14}},"loc":{"start":{"line":26,"column":26},"end":{"line":26,"column":51}},"line":26},"3":{"name":"(anonymous_3)","decl":{"start":{"line":28,"column":15},"end":{"line":28,"column":16}},"loc":{"start":{"line":28,"column":21},"end":{"line":31,"column":7}},"line":28},"4":{"name":"(anonymous_4)","decl":{"start":{"line":30,"column":17},"end":{"line":30,"column":18}},"loc":{"start":{"line":30,"column":30},"end":{"line":30,"column":55}},"line":30}},"branchMap":{"0":{"loc":{"start":{"line":26,"column":37},"end":{"line":26,"column":50}},"type":"cond-expr","locations":[{"start":{"line":26,"column":44},"end":{"line":26,"column":45}},{"start":{"line":26,"column":48},"end":{"line":26,"column":50}}],"line":26},"1":{"loc":{"start":{"line":30,"column":41},"end":{"line":30,"column":54}},"type":"cond-expr","locations":[{"start":{"line":30,"column":48},"end":{"line":30,"column":50}},{"start":{"line":30,"column":53},"end":{"line":30,"column":54}}],"line":30},"2":{"loc":{"start":{"line":42,"column":11},"end":{"line":42,"column":82}},"type":"cond-expr","locations":[{"start":{"line":42,"column":29},"end":{"line":42,"column":62}},{"start":{"line":42,"column":65},"end":{"line":42,"column":82}}],"line":42},"3":{"loc":{"start":{"line":46,"column":7},"end":{"line":50,"column":14}},"type":"cond-expr","locations":[{"start":{"line":47,"column":8},"end":{"line":49,"column":21}},{"start":{"line":50,"column":10},"end":{"line":50,"column":14}}],"line":46},"4":{"loc":{"start":{"line":46,"column":7},"end":{"line":46,"column":60}},"type":"binary-expr","locations":[{"start":{"line":46,"column":7},"end":{"line":46,"column":38}},{"start":{"line":46,"column":42},"end":{"line":46,"column":60}}],"line":46},"5":{"loc":{"start":{"line":62,"column":18},"end":{"line":62,"column":55}},"type":"cond-expr","locations":[{"start":{"line":62,"column":30},"end":{"line":62,"column":37}},{"start":{"line":62,"column":40},"end":{"line":62,"column":55}}],"line":62},"6":{"loc":{"start":{"line":64,"column":19},"end":{"line":64,"column":64}},"type":"cond-expr","locations":[{"start":{"line":64,"column":31},"end":{"line":64,"column":42}},{"start":{"line":64,"column":45},"end":{"line":64,"column":64}}],"line":64}},"s":{"0":0,"1":0,"2":0,"3":0,"4":0,"5":0,"6":0,"7":0,"8":0,"9":0,"10":0,"11":0,"12":0,"13":0,"14":0},"f":{"0":0,"1":0,"2":0,"3":0,"4":0},"b":{"0":[0,0],"1":[0,0],"2":[0,0],"3":[0,0],"4":[0,0],"5":[0,0],"6":[0,0]}}
,"/Users/themeetpatel/Startups/biggdate/apps/mobile/src/components/screen-placeholder.tsx": {"path":"/Users/themeetpatel/Startups/biggdate/apps/mobile/src/components/screen-placeholder.tsx","statementMap":{"0":{"start":{"line":15,"column":2},"end":{"line":24,"column":4}},"1":{"start":{"line":27,"column":15},"end":{"line":41,"column":2}}},"fnMap":{"0":{"name":"ScreenPlaceholder","decl":{"start":{"line":14,"column":16},"end":{"line":14,"column":33}},"loc":{"start":{"line":14,"column":79},"end":{"line":25,"column":1}},"line":14}},"branchMap":{},"s":{"0":0,"1":0},"f":{"0":0},"b":{}}
,"/Users/themeetpatel/Startups/biggdate/apps/mobile/src/components/themed-text.tsx": {"path":"/Users/themeetpatel/Startups/biggdate/apps/mobile/src/components/themed-text.tsx","statementMap":{"0":{"start":{"line":12,"column":16},"end":{"line":12,"column":26}},"1":{"start":{"line":14,"column":2},"end":{"line":30,"column":4}},"2":{"start":{"line":33,"column":15},"end":{"line":73,"column":2}}},"fnMap":{"0":{"name":"ThemedText","decl":{"start":{"line":11,"column":16},"end":{"line":11,"column":26}},"loc":{"start":{"line":11,"column":94},"end":{"line":31,"column":1}},"line":11}},"branchMap":{"0":{"loc":{"start":{"line":11,"column":36},"end":{"line":11,"column":52}},"type":"default-arg","locations":[{"start":{"line":11,"column":43},"end":{"line":11,"column":52}}],"line":11},"1":{"loc":{"start":{"line":17,"column":23},"end":{"line":17,"column":43}},"type":"binary-expr","locations":[{"start":{"line":17,"column":23},"end":{"line":17,"column":33}},{"start":{"line":17,"column":37},"end":{"line":17,"column":43}}],"line":17},"2":{"loc":{"start":{"line":18,"column":8},"end":{"line":18,"column":44}},"type":"binary-expr","locations":[{"start":{"line":18,"column":8},"end":{"line":18,"column":26}},{"start":{"line":18,"column":30},"end":{"line":18,"column":44}}],"line":18},"3":{"loc":{"start":{"line":19,"column":8},"end":{"line":19,"column":40}},"type":"binary-expr","locations":[{"start":{"line":19,"column":8},"end":{"line":19,"column":24}},{"start":{"line":19,"column":28},"end":{"line":19,"column":40}}],"line":19},"4":{"loc":{"start":{"line":20,"column":8},"end":{"line":20,"column":40}},"type":"binary-expr","locations":[{"start":{"line":20,"column":8},"end":{"line":20,"column":24}},{"start":{"line":20,"column":28},"end":{"line":20,"column":40}}],"line":20},"5":{"loc":{"start":{"line":21,"column":8},"end":{"line":21,"column":48}},"type":"binary-expr","locations":[{"start":{"line":21,"column":8},"end":{"line":21,"column":28}},{"start":{"line":21,"column":32},"end":{"line":21,"column":48}}],"line":21},"6":{"loc":{"start":{"line":22,"column":8},"end":{"line":22,"column":46}},"type":"binary-expr","locations":[{"start":{"line":22,"column":8},"end":{"line":22,"column":27}},{"start":{"line":22,"column":31},"end":{"line":22,"column":46}}],"line":22},"7":{"loc":{"start":{"line":23,"column":8},"end":{"line":23,"column":38}},"type":"binary-expr","locations":[{"start":{"line":23,"column":8},"end":{"line":23,"column":23}},{"start":{"line":23,"column":27},"end":{"line":23,"column":38}}],"line":23},"8":{"loc":{"start":{"line":24,"column":8},"end":{"line":24,"column":52}},"type":"binary-expr","locations":[{"start":{"line":24,"column":8},"end":{"line":24,"column":30}},{"start":{"line":24,"column":34},"end":{"line":24,"column":52}}],"line":24},"9":{"loc":{"start":{"line":25,"column":8},"end":{"line":25,"column":38}},"type":"binary-expr","locations":[{"start":{"line":25,"column":8},"end":{"line":25,"column":23}},{"start":{"line":25,"column":27},"end":{"line":25,"column":38}}],"line":25},"10":{"loc":{"start":{"line":70,"column":16},"end":{"line":70,"column":56}},"type":"binary-expr","locations":[{"start":{"line":70,"column":16},"end":{"line":70,"column":49}},{"start":{"line":70,"column":53},"end":{"line":70,"column":56}}],"line":70}},"s":{"0":0,"1":0,"2":0},"f":{"0":0},"b":{"0":[0],"1":[0,0],"2":[0,0],"3":[0,0],"4":[0,0],"5":[0,0],"6":[0,0],"7":[0,0],"8":[0,0],"9":[0,0],"10":[0,0]}}
,"/Users/themeetpatel/Startups/biggdate/apps/mobile/src/components/themed-view.tsx": {"path":"/Users/themeetpatel/Startups/biggdate/apps/mobile/src/components/themed-view.tsx","statementMap":{"0":{"start":{"line":19,"column":16},"end":{"line":19,"column":26}},"1":{"start":{"line":20,"column":17},"end":{"line":20,"column":33}},"2":{"start":{"line":21,"column":19},"end":{"line":21,"column":61}},"3":{"start":{"line":22,"column":26},"end":{"line":22,"column":65}},"4":{"start":{"line":24,"column":2},"end":{"line":24,"column":71}}},"fnMap":{"0":{"name":"ThemedView","decl":{"start":{"line":12,"column":16},"end":{"line":12,"column":26}},"loc":{"start":{"line":18,"column":20},"end":{"line":25,"column":1}},"line":18}},"branchMap":{"0":{"loc":{"start":{"line":21,"column":19},"end":{"line":21,"column":61}},"type":"cond-expr","locations":[{"start":{"line":21,"column":39},"end":{"line":21,"column":48}},{"start":{"line":21,"column":51},"end":{"line":21,"column":61}}],"line":21},"1":{"loc":{"start":{"line":22,"column":26},"end":{"line":22,"column":65}},"type":"binary-expr","locations":[{"start":{"line":22,"column":26},"end":{"line":22,"column":34}},{"start":{"line":22,"column":38},"end":{"line":22,"column":65}}],"line":22},"2":{"loc":{"start":{"line":22,"column":44},"end":{"line":22,"column":64}},"type":"binary-expr","locations":[{"start":{"line":22,"column":44},"end":{"line":22,"column":48}},{"start":{"line":22,"column":52},"end":{"line":22,"column":64}}],"line":22}},"s":{"0":0,"1":0,"2":0,"3":0,"4":0},"f":{"0":0},"b":{"0":[0,0],"1":[0,0],"2":[0,0]}}
,"/Users/themeetpatel/Startups/biggdate/apps/mobile/src/components/ui/birthday-field.tsx": {"path":"/Users/themeetpatel/Startups/biggdate/apps/mobile/src/components/ui/birthday-field.tsx","statementMap":{"0":{"start":{"line":18,"column":2},"end":{"line":22,"column":5}},"1":{"start":{"line":30,"column":16},"end":{"line":30,"column":26}},"2":{"start":{"line":31,"column":38},"end":{"line":31,"column":69}},"3":{"start":{"line":34,"column":4},"end":{"line":36,"column":5}},"4":{"start":{"line":35,"column":6},"end":{"line":35,"column":27}},"5":{"start":{"line":37,"column":4},"end":{"line":39,"column":5}},"6":{"start":{"line":38,"column":6},"end":{"line":38,"column":21}},"7":{"start":{"line":42,"column":2},"end":{"line":65,"column":4}},"8":{"start":{"line":47,"column":25},"end":{"line":47,"column":44}},"9":{"start":{"line":68,"column":15},"end":{"line":78,"column":2}}},"fnMap":{"0":{"name":"formatDisplay","decl":{"start":{"line":17,"column":9},"end":{"line":17,"column":22}},"loc":{"start":{"line":17,"column":43},"end":{"line":23,"column":1}},"line":17},"1":{"name":"BirthdayField","decl":{"start":{"line":29,"column":16},"end":{"line":29,"column":29}},"loc":{"start":{"line":29,"column":84},"end":{"line":66,"column":1}},"line":29},"2":{"name":"handleChange","decl":{"start":{"line":33,"column":11},"end":{"line":33,"column":23}},"loc":{"start":{"line":33,"column":65},"end":{"line":40,"column":3}},"line":33},"3":{"name":"(anonymous_3)","decl":{"start":{"line":47,"column":19},"end":{"line":47,"column":20}},"loc":{"start":{"line":47,"column":25},"end":{"line":47,"column":44}},"line":47}},"branchMap":{"0":{"loc":{"start":{"line":34,"column":4},"end":{"line":36,"column":5}},"type":"if","locations":[{"start":{"line":34,"column":4},"end":{"line":36,"column":5}},{"start":{},"end":{}}],"line":34},"1":{"loc":{"start":{"line":37,"column":4},"end":{"line":39,"column":5}},"type":"if","locations":[{"start":{"line":37,"column":4},"end":{"line":39,"column":5}},{"start":{},"end":{}}],"line":37},"2":{"loc":{"start":{"line":37,"column":8},"end":{"line":37,"column":36}},"type":"binary-expr","locations":[{"start":{"line":37,"column":8},"end":{"line":37,"column":28}},{"start":{"line":37,"column":32},"end":{"line":37,"column":36}}],"line":37},"3":{"loc":{"start":{"line":44,"column":7},"end":{"line":53,"column":14}},"type":"cond-expr","locations":[{"start":{"line":45,"column":8},"end":{"line":52,"column":20}},{"start":{"line":53,"column":10},"end":{"line":53,"column":14}}],"line":44},"4":{"loc":{"start":{"line":49,"column":51},"end":{"line":49,"column":83}},"type":"cond-expr","locations":[{"start":{"line":49,"column":59},"end":{"line":49,"column":65}},{"start":{"line":49,"column":68},"end":{"line":49,"column":83}}],"line":49},"5":{"loc":{"start":{"line":50,"column":13},"end":{"line":50,"column":71}},"type":"cond-expr","locations":[{"start":{"line":50,"column":21},"end":{"line":50,"column":41}},{"start":{"line":50,"column":44},"end":{"line":50,"column":71}}],"line":50},"6":{"loc":{"start":{"line":55,"column":7},"end":{"line":63,"column":14}},"type":"cond-expr","locations":[{"start":{"line":56,"column":8},"end":{"line":62,"column":10}},{"start":{"line":63,"column":10},"end":{"line":63,"column":14}}],"line":55},"7":{"loc":{"start":{"line":58,"column":19},"end":{"line":58,"column":64}},"type":"cond-expr","locations":[{"start":{"line":58,"column":43},"end":{"line":58,"column":52}},{"start":{"line":58,"column":55},"end":{"line":58,"column":64}}],"line":58},"8":{"loc":{"start":{"line":59,"column":17},"end":{"line":59,"column":37}},"type":"binary-expr","locations":[{"start":{"line":59,"column":17},"end":{"line":59,"column":22}},{"start":{"line":59,"column":26},"end":{"line":59,"column":37}}],"line":59}},"s":{"0":0,"1":0,"2":0,"3":0,"4":0,"5":0,"6":0,"7":0,"8":0,"9":0},"f":{"0":0,"1":0,"2":0,"3":0},"b":{"0":[0,0],"1":[0,0],"2":[0,0],"3":[0,0],"4":[0,0],"5":[0,0],"6":[0,0],"7":[0,0],"8":[0,0]}}
,"/Users/themeetpatel/Startups/biggdate/apps/mobile/src/components/ui/button.tsx": {"path":"/Users/themeetpatel/Startups/biggdate/apps/mobile/src/components/ui/button.tsx","statementMap":{"0":{"start":{"line":27,"column":16},"end":{"line":27,"column":26}},"1":{"start":{"line":28,"column":20},"end":{"line":28,"column":41}},"2":{"start":{"line":29,"column":21},"end":{"line":29,"column":49}},"3":{"start":{"line":31,"column":2},"end":{"line":54,"column":4}},"4":{"start":{"line":36,"column":30},"end":{"line":42,"column":7}},"5":{"start":{"line":57,"column":15},"end":{"line":68,"column":2}}},"fnMap":{"0":{"name":"Button","decl":{"start":{"line":20,"column":16},"end":{"line":20,"column":22}},"loc":{"start":{"line":26,"column":16},"end":{"line":55,"column":1}},"line":26},"1":{"name":"(anonymous_1)","decl":{"start":{"line":36,"column":13},"end":{"line":36,"column":14}},"loc":{"start":{"line":36,"column":30},"end":{"line":42,"column":7}},"line":36}},"branchMap":{"0":{"loc":{"start":{"line":22,"column":2},"end":{"line":22,"column":21}},"type":"default-arg","locations":[{"start":{"line":22,"column":12},"end":{"line":22,"column":21}}],"line":22},"1":{"loc":{"start":{"line":23,"column":2},"end":{"line":23,"column":17}},"type":"default-arg","locations":[{"start":{"line":23,"column":12},"end":{"line":23,"column":17}}],"line":23},"2":{"loc":{"start":{"line":29,"column":21},"end":{"line":29,"column":49}},"type":"binary-expr","locations":[{"start":{"line":29,"column":21},"end":{"line":29,"column":38}},{"start":{"line":29,"column":42},"end":{"line":29,"column":49}}],"line":29},"3":{"loc":{"start":{"line":39,"column":27},"end":{"line":39,"column":75}},"type":"cond-expr","locations":[{"start":{"line":39,"column":39},"end":{"line":39,"column":49}},{"start":{"line":39,"column":52},"end":{"line":39,"column":75}}],"line":39},"4":{"loc":{"start":{"line":40,"column":19},"end":{"line":40,"column":56}},"type":"cond-expr","locations":[{"start":{"line":40,"column":32},"end":{"line":40,"column":35}},{"start":{"line":40,"column":38},"end":{"line":40,"column":56}}],"line":40},"5":{"loc":{"start":{"line":40,"column":38},"end":{"line":40,"column":56}},"type":"cond-expr","locations":[{"start":{"line":40,"column":48},"end":{"line":40,"column":52}},{"start":{"line":40,"column":55},"end":{"line":40,"column":56}}],"line":40},"6":{"loc":{"start":{"line":44,"column":7},"end":{"line":52,"column":7}},"type":"cond-expr","locations":[{"start":{"line":45,"column":8},"end":{"line":45,"column":79}},{"start":{"line":47,"column":8},"end":{"line":51,"column":21}}],"line":44},"7":{"loc":{"start":{"line":45,"column":34},"end":{"line":45,"column":75}},"type":"cond-expr","locations":[{"start":{"line":45,"column":46},"end":{"line":45,"column":62}},{"start":{"line":45,"column":65},"end":{"line":45,"column":75}}],"line":45},"8":{"loc":{"start":{"line":49,"column":41},"end":{"line":49,"column":82}},"type":"cond-expr","locations":[{"start":{"line":49,"column":53},"end":{"line":49,"column":69}},{"start":{"line":49,"column":72},"end":{"line":49,"column":82}}],"line":49}},"s":{"0":0,"1":0,"2":0,"3":0,"4":0,"5":0},"f":{"0":0,"1":0},"b":{"0":[0],"1":[0],"2":[0,0],"3":[0,0],"4":[0,0],"5":[0,0],"6":[0,0],"7":[0,0],"8":[0,0]}}
,"/Users/themeetpatel/Startups/biggdate/apps/mobile/src/components/ui/chip.tsx": {"path":"/Users/themeetpatel/Startups/biggdate/apps/mobile/src/components/ui/chip.tsx","statementMap":{"0":{"start":{"line":14,"column":16},"end":{"line":14,"column":26}},"1":{"start":{"line":16,"column":2},"end":{"line":34,"column":4}},"2":{"start":{"line":21,"column":30},"end":{"line":27,"column":7}},"3":{"start":{"line":37,"column":15},"end":{"line":43,"column":2}}},"fnMap":{"0":{"name":"Chip","decl":{"start":{"line":13,"column":16},"end":{"line":13,"column":20}},"loc":{"start":{"line":13,"column":62},"end":{"line":35,"column":1}},"line":13},"1":{"name":"(anonymous_1)","decl":{"start":{"line":21,"column":13},"end":{"line":21,"column":14}},"loc":{"start":{"line":21,"column":30},"end":{"line":27,"column":7}},"line":21}},"branchMap":{"0":{"loc":{"start":{"line":24,"column":27},"end":{"line":24,"column":74}},"type":"cond-expr","locations":[{"start":{"line":24,"column":38},"end":{"line":24,"column":48}},{"start":{"line":24,"column":51},"end":{"line":24,"column":74}}],"line":24},"1":{"loc":{"start":{"line":25,"column":19},"end":{"line":25,"column":37}},"type":"cond-expr","locations":[{"start":{"line":25,"column":29},"end":{"line":25,"column":33}},{"start":{"line":25,"column":36},"end":{"line":25,"column":37}}],"line":25},"2":{"loc":{"start":{"line":30,"column":24},"end":{"line":30,"column":64}},"type":"cond-expr","locations":[{"start":{"line":30,"column":35},"end":{"line":30,"column":51}},{"start":{"line":30,"column":54},"end":{"line":30,"column":64}}],"line":30}},"s":{"0":0,"1":0,"2":0,"3":0},"f":{"0":0,"1":0},"b":{"0":[0,0],"1":[0,0],"2":[0,0]}}
,"/Users/themeetpatel/Startups/biggdate/apps/mobile/src/components/ui/collapsible.tsx": {"path":"/Users/themeetpatel/Startups/biggdate/apps/mobile/src/components/ui/collapsible.tsx","statementMap":{"0":{"start":{"line":12,"column":30},"end":{"line":12,"column":45}},"1":{"start":{"line":13,"column":16},"end":{"line":13,"column":26}},"2":{"start":{"line":15,"column":2},"end":{"line":40,"column":4}},"3":{"start":{"line":18,"column":32},"end":{"line":18,"column":82}},"4":{"start":{"line":19,"column":23},"end":{"line":19,"column":51}},"5":{"start":{"line":19,"column":44},"end":{"line":19,"column":50}},"6":{"start":{"line":43,"column":15},"end":{"line":65,"column":2}}},"fnMap":{"0":{"name":"Collapsible","decl":{"start":{"line":11,"column":16},"end":{"line":11,"column":27}},"loc":{"start":{"line":11,"column":88},"end":{"line":41,"column":1}},"line":11},"1":{"name":"(anonymous_1)","decl":{"start":{"line":18,"column":15},"end":{"line":18,"column":16}},"loc":{"start":{"line":18,"column":32},"end":{"line":18,"column":82}},"line":18},"2":{"name":"(anonymous_2)","decl":{"start":{"line":19,"column":17},"end":{"line":19,"column":18}},"loc":{"start":{"line":19,"column":23},"end":{"line":19,"column":51}},"line":19},"3":{"name":"(anonymous_3)","decl":{"start":{"line":19,"column":33},"end":{"line":19,"column":34}},"loc":{"start":{"line":19,"column":44},"end":{"line":19,"column":50}},"line":19}},"branchMap":{"0":{"loc":{"start":{"line":18,"column":49},"end":{"line":18,"column":81}},"type":"binary-expr","locations":[{"start":{"line":18,"column":49},"end":{"line":18,"column":56}},{"start":{"line":18,"column":60},"end":{"line":18,"column":81}}],"line":18},"1":{"loc":{"start":{"line":26,"column":43},"end":{"line":26,"column":70}},"type":"cond-expr","locations":[{"start":{"line":26,"column":52},"end":{"line":26,"column":60}},{"start":{"line":26,"column":63},"end":{"line":26,"column":70}}],"line":26},"2":{"loc":{"start":{"line":32,"column":7},"end":{"line":38,"column":7}},"type":"binary-expr","locations":[{"start":{"line":32,"column":7},"end":{"line":32,"column":13}},{"start":{"line":33,"column":8},"end":{"line":37,"column":24}}],"line":32}},"s":{"0":0,"1":0,"2":0,"3":0,"4":0,"5":0,"6":0},"f":{"0":0,"1":0,"2":0,"3":0},"b":{"0":[0,0],"1":[0,0],"2":[0,0]}}
,"/Users/themeetpatel/Startups/biggdate/apps/mobile/src/components/ui/text-field.tsx": {"path":"/Users/themeetpatel/Startups/biggdate/apps/mobile/src/components/ui/text-field.tsx","statementMap":{"0":{"start":{"line":8,"column":20},"end":{"line":8,"column":29}},"1":{"start":{"line":16,"column":16},"end":{"line":16,"column":26}},"2":{"start":{"line":17,"column":32},"end":{"line":17,"column":47}},"3":{"start":{"line":19,"column":2},"end":{"line":47,"column":4}},"4":{"start":{"line":37,"column":23},"end":{"line":37,"column":39}},"5":{"start":{"line":38,"column":22},"end":{"line":38,"column":39}},"6":{"start":{"line":50,"column":15},"end":{"line":64,"column":2}}},"fnMap":{"0":{"name":"TextField","decl":{"start":{"line":15,"column":16},"end":{"line":15,"column":25}},"loc":{"start":{"line":15,"column":80},"end":{"line":48,"column":1}},"line":15},"1":{"name":"(anonymous_1)","decl":{"start":{"line":37,"column":17},"end":{"line":37,"column":18}},"loc":{"start":{"line":37,"column":23},"end":{"line":37,"column":39}},"line":37},"2":{"name":"(anonymous_2)","decl":{"start":{"line":38,"column":16},"end":{"line":38,"column":17}},"loc":{"start":{"line":38,"column":22},"end":{"line":38,"column":39}},"line":38}},"branchMap":{"0":{"loc":{"start":{"line":29,"column":25},"end":{"line":33,"column":31}},"type":"cond-expr","locations":[{"start":{"line":30,"column":16},"end":{"line":30,"column":27}},{"start":{"line":31,"column":16},"end":{"line":33,"column":31}}],"line":29},"1":{"loc":{"start":{"line":31,"column":16},"end":{"line":33,"column":31}},"type":"cond-expr","locations":[{"start":{"line":32,"column":18},"end":{"line":32,"column":28}},{"start":{"line":33,"column":18},"end":{"line":33,"column":31}}],"line":31},"2":{"loc":{"start":{"line":41,"column":7},"end":{"line":45,"column":14}},"type":"cond-expr","locations":[{"start":{"line":42,"column":8},"end":{"line":44,"column":21}},{"start":{"line":45,"column":10},"end":{"line":45,"column":14}}],"line":41}},"s":{"0":0,"1":0,"2":0,"3":0,"4":0,"5":0,"6":0},"f":{"0":0,"1":0,"2":0},"b":{"0":[0,0],"1":[0,0],"2":[0,0]}}
,"/Users/themeetpatel/Startups/biggdate/apps/mobile/src/constants/theme.ts": {"path":"/Users/themeetpatel/Startups/biggdate/apps/mobile/src/constants/theme.ts","statementMap":{"0":{"start":{"line":10,"column":22},"end":{"line":27,"column":10}},"1":{"start":{"line":31,"column":21},"end":{"line":54,"column":2}},"2":{"start":{"line":56,"column":23},"end":{"line":64,"column":10}},"3":{"start":{"line":66,"column":30},"end":{"line":66,"column":76}},"4":{"start":{"line":67,"column":31},"end":{"line":67,"column":34}}},"fnMap":{},"branchMap":{"0":{"loc":{"start":{"line":66,"column":30},"end":{"line":66,"column":76}},"type":"binary-expr","locations":[{"start":{"line":66,"column":30},"end":{"line":66,"column":71}},{"start":{"line":66,"column":75},"end":{"line":66,"column":76}}],"line":66}},"s":{"0":0,"1":0,"2":0,"3":0,"4":0},"f":{},"b":{"0":[0,0]}}
,"/Users/themeetpatel/Startups/biggdate/apps/mobile/src/hooks/use-color-scheme.ts": {"path":"/Users/themeetpatel/Startups/biggdate/apps/mobile/src/hooks/use-color-scheme.ts","statementMap":{},"fnMap":{},"branchMap":{},"s":{},"f":{},"b":{}}
,"/Users/themeetpatel/Startups/biggdate/apps/mobile/src/hooks/use-color-scheme.web.ts": {"path":"/Users/themeetpatel/Startups/biggdate/apps/mobile/src/hooks/use-color-scheme.web.ts","statementMap":{"0":{"start":{"line":8,"column":40},"end":{"line":8,"column":55}},"1":{"start":{"line":10,"column":2},"end":{"line":12,"column":9}},"2":{"start":{"line":11,"column":4},"end":{"line":11,"column":25}},"3":{"start":{"line":14,"column":22},"end":{"line":14,"column":40}},"4":{"start":{"line":16,"column":2},"end":{"line":18,"column":3}},"5":{"start":{"line":17,"column":4},"end":{"line":17,"column":23}},"6":{"start":{"line":20,"column":2},"end":{"line":20,"column":17}}},"fnMap":{"0":{"name":"useColorScheme","decl":{"start":{"line":7,"column":16},"end":{"line":7,"column":30}},"loc":{"start":{"line":7,"column":33},"end":{"line":21,"column":1}},"line":7},"1":{"name":"(anonymous_1)","decl":{"start":{"line":10,"column":12},"end":{"line":10,"column":13}},"loc":{"start":{"line":10,"column":18},"end":{"line":12,"column":3}},"line":10}},"branchMap":{"0":{"loc":{"start":{"line":16,"column":2},"end":{"line":18,"column":3}},"type":"if","locations":[{"start":{"line":16,"column":2},"end":{"line":18,"column":3}},{"start":{},"end":{}}],"line":16}},"s":{"0":0,"1":0,"2":0,"3":0,"4":0,"5":0,"6":0},"f":{"0":0,"1":0},"b":{"0":[0,0]}}
,"/Users/themeetpatel/Startups/biggdate/apps/mobile/src/hooks/use-theme.ts": {"path":"/Users/themeetpatel/Startups/biggdate/apps/mobile/src/hooks/use-theme.ts","statementMap":{"0":{"start":{"line":10,"column":17},"end":{"line":10,"column":33}},"1":{"start":{"line":11,"column":16},"end":{"line":11,"column":59}},"2":{"start":{"line":13,"column":2},"end":{"line":13,"column":23}}},"fnMap":{"0":{"name":"useTheme","decl":{"start":{"line":9,"column":16},"end":{"line":9,"column":24}},"loc":{"start":{"line":9,"column":27},"end":{"line":14,"column":1}},"line":9}},"branchMap":{"0":{"loc":{"start":{"line":11,"column":16},"end":{"line":11,"column":59}},"type":"cond-expr","locations":[{"start":{"line":11,"column":43},"end":{"line":11,"column":50}},{"start":{"line":11,"column":53},"end":{"line":11,"column":59}}],"line":11}},"s":{"0":0,"1":0,"2":0},"f":{"0":0},"b":{"0":[0,0]}}
,"/Users/themeetpatel/Startups/biggdate/apps/mobile/src/lib/age.ts": {"path":"/Users/themeetpatel/Startups/biggdate/apps/mobile/src/lib/age.ts","statementMap":{"0":{"start":{"line":5,"column":23},"end":{"line":5,"column":25}},"1":{"start":{"line":13,"column":14},"end":{"line":13,"column":58}},"2":{"start":{"line":14,"column":20},"end":{"line":14,"column":58}},"3":{"start":{"line":15,"column":2},"end":{"line":17,"column":3}},"4":{"start":{"line":16,"column":4},"end":{"line":16,"column":15}},"5":{"start":{"line":18,"column":2},"end":{"line":18,"column":28}},"6":{"start":{"line":22,"column":2},"end":{"line":22,"column":47}}},"fnMap":{"0":{"name":"ageInYears","decl":{"start":{"line":12,"column":16},"end":{"line":12,"column":26}},"loc":{"start":{"line":12,"column":77},"end":{"line":19,"column":1}},"line":12},"1":{"name":"isUnderage","decl":{"start":{"line":21,"column":16},"end":{"line":21,"column":26}},"loc":{"start":{"line":21,"column":78},"end":{"line":23,"column":1}},"line":21}},"branchMap":{"0":{"loc":{"start":{"line":12,"column":43},"end":{"line":12,"column":67}},"type":"default-arg","locations":[{"start":{"line":12,"column":57},"end":{"line":12,"column":67}}],"line":12},"1":{"loc":{"start":{"line":15,"column":2},"end":{"line":17,"column":3}},"type":"if","locations":[{"start":{"line":15,"column":2},"end":{"line":17,"column":3}},{"start":{},"end":{}}],"line":15},"2":{"loc":{"start":{"line":15,"column":6},"end":{"line":15,"column":80}},"type":"binary-expr","locations":[{"start":{"line":15,"column":6},"end":{"line":15,"column":19}},{"start":{"line":15,"column":24},"end":{"line":15,"column":39}},{"start":{"line":15,"column":43},"end":{"line":15,"column":79}}],"line":15},"3":{"loc":{"start":{"line":21,"column":43},"end":{"line":21,"column":67}},"type":"default-arg","locations":[{"start":{"line":21,"column":57},"end":{"line":21,"column":67}}],"line":21}},"s":{"0":1,"1":9,"2":9,"3":9,"4":3,"5":9,"6":4},"f":{"0":9,"1":4},"b":{"0":[0],"1":[3,6],"2":[9,8,7],"3":[0]},"_coverageSchema":"1a1c01bbd47fc00a2c39e90264f33305004495a9","hash":"7744151c2b55b479d98ea2e0585e67644cd0cbb7"}
,"/Users/themeetpatel/Startups/biggdate/apps/mobile/src/lib/api.ts": {"path":"/Users/themeetpatel/Startups/biggdate/apps/mobile/src/lib/api.ts","statementMap":{"0":{"start":{"line":11,"column":19},"end":{"line":17,"column":2}},"1":{"start":{"line":14,"column":21},"end":{"line":14,"column":53}},"2":{"start":{"line":15,"column":4},"end":{"line":15,"column":46}}},"fnMap":{"0":{"name":"(anonymous_0)","decl":{"start":{"line":13,"column":18},"end":{"line":13,"column":19}},"loc":{"start":{"line":13,"column":30},"end":{"line":16,"column":3}},"line":13}},"branchMap":{"0":{"loc":{"start":{"line":15,"column":11},"end":{"line":15,"column":45}},"type":"binary-expr","locations":[{"start":{"line":15,"column":11},"end":{"line":15,"column":37}},{"start":{"line":15,"column":41},"end":{"line":15,"column":45}}],"line":15}},"s":{"0":1,"1":0,"2":0},"f":{"0":0},"b":{"0":[0,0]},"_coverageSchema":"1a1c01bbd47fc00a2c39e90264f33305004495a9","hash":"fb2094082337aa8e4705b335d94fa5d5ce1040ca"}
,"/Users/themeetpatel/Startups/biggdate/apps/mobile/src/lib/auth-context.tsx": {"path":"/Users/themeetpatel/Startups/biggdate/apps/mobile/src/lib/auth-context.tsx","statementMap":{"0":{"start":{"line":36,"column":20},"end":{"line":36,"column":64}},"1":{"start":{"line":39,"column":32},"end":{"line":39,"column":62}},"2":{"start":{"line":40,"column":32},"end":{"line":40,"column":46}},"3":{"start":{"line":42,"column":2},"end":{"line":66,"column":9}},"4":{"start":{"line":43,"column":17},"end":{"line":43,"column":21}},"5":{"start":{"line":44,"column":4},"end":{"line":58,"column":9}},"6":{"start":{"line":47,"column":8},"end":{"line":47,"column":28}},"7":{"start":{"line":47,"column":21},"end":{"line":47,"column":28}},"8":{"start":{"line":48,"column":8},"end":{"line":48,"column":33}},"9":{"start":{"line":53,"column":8},"end":{"line":53,"column":28}},"10":{"start":{"line":53,"column":21},"end":{"line":53,"column":28}},"11":{"start":{"line":54,"column":8},"end":{"line":54,"column":25}},"12":{"start":{"line":57,"column":8},"end":{"line":57,"column":38}},"13":{"start":{"line":57,"column":20},"end":{"line":57,"column":38}},"14":{"start":{"line":59,"column":26},"end":{"line":61,"column":6}},"15":{"start":{"line":60,"column":6},"end":{"line":60,"column":30}},"16":{"start":{"line":62,"column":4},"end":{"line":65,"column":6}},"17":{"start":{"line":63,"column":6},"end":{"line":63,"column":21}},"18":{"start":{"line":64,"column":6},"end":{"line":64,"column":37}},"19":{"start":{"line":68,"column":16},"end":{"line":126,"column":3}},"20":{"start":{"line":69,"column":11},"end":{"line":124,"column":5}},"21":{"start":{"line":73,"column":26},"end":{"line":76,"column":10}},"22":{"start":{"line":77,"column":8},"end":{"line":77,"column":50}},"23":{"start":{"line":77,"column":19},"end":{"line":77,"column":50}},"24":{"start":{"line":82,"column":23},"end":{"line":91,"column":10}},"25":{"start":{"line":92,"column":8},"end":{"line":98,"column":9}},"26":{"start":{"line":93,"column":10},"end":{"line":97,"column":12}},"27":{"start":{"line":99,"column":8},"end":{"line":103,"column":9}},"28":{"start":{"line":100,"column":10},"end":{"line":102,"column":12}},"29":{"start":{"line":105,"column":26},"end":{"line":108,"column":10}},"30":{"start":{"line":109,"column":8},"end":{"line":109,"column":50}},"31":{"start":{"line":109,"column":19},"end":{"line":109,"column":50}},"32":{"start":{"line":110,"column":8},"end":{"line":110,"column":43}},"33":{"start":{"line":113,"column":8},"end":{"line":113,"column":38}},"34":{"start":{"line":116,"column":8},"end":{"line":116,"column":28}},"35":{"start":{"line":119,"column":26},"end":{"line":121,"column":9}},"36":{"start":{"line":122,"column":8},"end":{"line":122,"column":50}},"37":{"start":{"line":122,"column":19},"end":{"line":122,"column":50}},"38":{"start":{"line":128,"column":2},"end":{"line":128,"column":79}},"39":{"start":{"line":132,"column":14},"end":{"line":132,"column":37}},"40":{"start":{"line":133,"column":2},"end":{"line":135,"column":3}},"41":{"start":{"line":134,"column":4},"end":{"line":134,"column":67}},"42":{"start":{"line":136,"column":2},"end":{"line":136,"column":13}}},"fnMap":{"0":{"name":"AuthProvider","decl":{"start":{"line":38,"column":16},"end":{"line":38,"column":28}},"loc":{"start":{"line":38,"column":68},"end":{"line":129,"column":1}},"line":38},"1":{"name":"(anonymous_1)","decl":{"start":{"line":42,"column":12},"end":{"line":42,"column":13}},"loc":{"start":{"line":42,"column":18},"end":{"line":66,"column":3}},"line":42},"2":{"name":"(anonymous_2)","decl":{"start":{"line":46,"column":12},"end":{"line":46,"column":13}},"loc":{"start":{"line":46,"column":26},"end":{"line":49,"column":7}},"line":46},"3":{"name":"(anonymous_3)","decl":{"start":{"line":50,"column":13},"end":{"line":50,"column":14}},"loc":{"start":{"line":50,"column":19},"end":{"line":55,"column":7}},"line":50},"4":{"name":"(anonymous_4)","decl":{"start":{"line":56,"column":15},"end":{"line":56,"column":16}},"loc":{"start":{"line":56,"column":21},"end":{"line":58,"column":7}},"line":56},"5":{"name":"(anonymous_5)","decl":{"start":{"line":59,"column":58},"end":{"line":59,"column":59}},"loc":{"start":{"line":59,"column":83},"end":{"line":61,"column":5}},"line":59},"6":{"name":"(anonymous_6)","decl":{"start":{"line":62,"column":11},"end":{"line":62,"column":12}},"loc":{"start":{"line":62,"column":17},"end":{"line":65,"column":5}},"line":62},"7":{"name":"(anonymous_7)","decl":{"start":{"line":69,"column":4},"end":{"line":69,"column":5}},"loc":{"start":{"line":69,"column":11},"end":{"line":124,"column":5}},"line":69},"8":{"name":"(anonymous_8)","decl":{"start":{"line":72,"column":14},"end":{"line":72,"column":15}},"loc":{"start":{"line":72,"column":41},"end":{"line":78,"column":7}},"line":72},"9":{"name":"(anonymous_9)","decl":{"start":{"line":79,"column":14},"end":{"line":79,"column":15}},"loc":{"start":{"line":79,"column":31},"end":{"line":111,"column":7}},"line":79},"10":{"name":"(anonymous_10)","decl":{"start":{"line":112,"column":15},"end":{"line":112,"column":16}},"loc":{"start":{"line":112,"column":27},"end":{"line":117,"column":7}},"line":112},"11":{"name":"(anonymous_11)","decl":{"start":{"line":118,"column":28},"end":{"line":118,"column":29}},"loc":{"start":{"line":118,"column":45},"end":{"line":123,"column":7}},"line":118},"12":{"name":"useAuth","decl":{"start":{"line":131,"column":16},"end":{"line":131,"column":23}},"loc":{"start":{"line":131,"column":44},"end":{"line":137,"column":1}},"line":131}},"branchMap":{"0":{"loc":{"start":{"line":47,"column":8},"end":{"line":47,"column":28}},"type":"if","locations":[{"start":{"line":47,"column":8},"end":{"line":47,"column":28}},{"start":{},"end":{}}],"line":47},"1":{"loc":{"start":{"line":53,"column":8},"end":{"line":53,"column":28}},"type":"if","locations":[{"start":{"line":53,"column":8},"end":{"line":53,"column":28}},{"start":{},"end":{}}],"line":53},"2":{"loc":{"start":{"line":57,"column":8},"end":{"line":57,"column":38}},"type":"if","locations":[{"start":{"line":57,"column":8},"end":{"line":57,"column":38}},{"start":{},"end":{}}],"line":57},"3":{"loc":{"start":{"line":77,"column":8},"end":{"line":77,"column":50}},"type":"if","locations":[{"start":{"line":77,"column":8},"end":{"line":77,"column":50}},{"start":{},"end":{}}],"line":77},"4":{"loc":{"start":{"line":90,"column":17},"end":{"line":90,"column":49}},"type":"binary-expr","locations":[{"start":{"line":90,"column":17},"end":{"line":90,"column":36}},{"start":{"line":90,"column":40},"end":{"line":90,"column":49}}],"line":90},"5":{"loc":{"start":{"line":92,"column":8},"end":{"line":98,"column":9}},"type":"if","locations":[{"start":{"line":92,"column":8},"end":{"line":98,"column":9}},{"start":{},"end":{}}],"line":92},"6":{"loc":{"start":{"line":96,"column":14},"end":{"line":96,"column":87}},"type":"binary-expr","locations":[{"start":{"line":96,"column":14},"end":{"line":96,"column":28}},{"start":{"line":96,"column":32},"end":{"line":96,"column":87}}],"line":96},"7":{"loc":{"start":{"line":99,"column":8},"end":{"line":103,"column":9}},"type":"if","locations":[{"start":{"line":99,"column":8},"end":{"line":103,"column":9}},{"start":{},"end":{}}],"line":99},"8":{"loc":{"start":{"line":109,"column":8},"end":{"line":109,"column":50}},"type":"if","locations":[{"start":{"line":109,"column":8},"end":{"line":109,"column":50}},{"start":{},"end":{}}],"line":109},"9":{"loc":{"start":{"line":122,"column":8},"end":{"line":122,"column":50}},"type":"if","locations":[{"start":{"line":122,"column":8},"end":{"line":122,"column":50}},{"start":{},"end":{}}],"line":122},"10":{"loc":{"start":{"line":133,"column":2},"end":{"line":135,"column":3}},"type":"if","locations":[{"start":{"line":133,"column":2},"end":{"line":135,"column":3}},{"start":{},"end":{}}],"line":133}},"s":{"0":1,"1":0,"2":0,"3":0,"4":0,"5":0,"6":0,"7":0,"8":0,"9":0,"10":0,"11":0,"12":0,"13":0,"14":0,"15":0,"16":0,"17":0,"18":0,"19":0,"20":0,"21":0,"22":0,"23":0,"24":0,"25":0,"26":0,"27":0,"28":0,"29":0,"30":0,"31":0,"32":0,"33":0,"34":0,"35":0,"36":0,"37":0,"38":0,"39":0,"40":0,"41":0,"42":0},"f":{"0":0,"1":0,"2":0,"3":0,"4":0,"5":0,"6":0,"7":0,"8":0,"9":0,"10":0,"11":0,"12":0},"b":{"0":[0,0],"1":[0,0],"2":[0,0],"3":[0,0],"4":[0,0],"5":[0,0],"6":[0,0],"7":[0,0],"8":[0,0],"9":[0,0],"10":[0,0]},"_coverageSchema":"1a1c01bbd47fc00a2c39e90264f33305004495a9","hash":"243a94e2d7498259647bdd226ce512215e6b8735"}
,"/Users/themeetpatel/Startups/biggdate/apps/mobile/src/lib/env.ts": {"path":"/Users/themeetpatel/Startups/biggdate/apps/mobile/src/lib/env.ts","statementMap":{"0":{"start":{"line":12,"column":2},"end":{"line":16,"column":3}},"1":{"start":{"line":13,"column":4},"end":{"line":15,"column":6}},"2":{"start":{"line":17,"column":2},"end":{"line":17,"column":15}},"3":{"start":{"line":21,"column":14},"end":{"line":21,"column":45}},"4":{"start":{"line":22,"column":2},"end":{"line":22,"column":40}},"5":{"start":{"line":22,"column":29},"end":{"line":22,"column":40}},"6":{"start":{"line":23,"column":2},"end":{"line":27,"column":3}},"7":{"start":{"line":24,"column":4},"end":{"line":26,"column":6}},"8":{"start":{"line":28,"column":2},"end":{"line":28,"column":14}},"9":{"start":{"line":31,"column":19},"end":{"line":39,"column":10}}},"fnMap":{"0":{"name":"required","decl":{"start":{"line":11,"column":9},"end":{"line":11,"column":17}},"loc":{"start":{"line":11,"column":67},"end":{"line":18,"column":1}},"line":11},"1":{"name":"apiUrlValue","decl":{"start":{"line":20,"column":9},"end":{"line":20,"column":20}},"loc":{"start":{"line":20,"column":38},"end":{"line":29,"column":1}},"line":20}},"branchMap":{"0":{"loc":{"start":{"line":12,"column":2},"end":{"line":16,"column":3}},"type":"if","locations":[{"start":{"line":12,"column":2},"end":{"line":16,"column":3}},{"start":{},"end":{}}],"line":12},"1":{"loc":{"start":{"line":12,"column":6},"end":{"line":12,"column":34}},"type":"binary-expr","locations":[{"start":{"line":12,"column":6},"end":{"line":12,"column":12}},{"start":{"line":12,"column":16},"end":{"line":12,"column":34}}],"line":12},"2":{"loc":{"start":{"line":22,"column":2},"end":{"line":22,"column":40}},"type":"if","locations":[{"start":{"line":22,"column":2},"end":{"line":22,"column":40}},{"start":{},"end":{}}],"line":22},"3":{"loc":{"start":{"line":22,"column":6},"end":{"line":22,"column":27}},"type":"binary-expr","locations":[{"start":{"line":22,"column":6},"end":{"line":22,"column":9}},{"start":{"line":22,"column":13},"end":{"line":22,"column":27}}],"line":22},"4":{"loc":{"start":{"line":23,"column":2},"end":{"line":27,"column":3}},"type":"if","locations":[{"start":{"line":23,"column":2},"end":{"line":27,"column":3}},{"start":{},"end":{}}],"line":23}},"s":{"0":2,"1":0,"2":2,"3":1,"4":1,"5":1,"6":0,"7":0,"8":0,"9":1},"f":{"0":2,"1":1},"b":{"0":[0,2],"1":[2,2],"2":[1,0],"3":[1,1],"4":[0,0]},"_coverageSchema":"1a1c01bbd47fc00a2c39e90264f33305004495a9","hash":"6417c26470fa055ff089e2d6e40a21be88c13961"}
,"/Users/themeetpatel/Startups/biggdate/apps/mobile/src/lib/onboarding-options.ts": {"path":"/Users/themeetpatel/Startups/biggdate/apps/mobile/src/lib/onboarding-options.ts","statementMap":{"0":{"start":{"line":11,"column":46},"end":{"line":20,"column":1}},"1":{"start":{"line":22,"column":54},"end":{"line":25,"column":1}},"2":{"start":{"line":27,"column":46},"end":{"line":32,"column":1}}},"fnMap":{},"branchMap":{},"s":{"0":0,"1":0,"2":0},"f":{},"b":{}}
,"/Users/themeetpatel/Startups/biggdate/apps/mobile/src/lib/query-client.ts": {"path":"/Users/themeetpatel/Startups/biggdate/apps/mobile/src/lib/query-client.ts","statementMap":{"0":{"start":{"line":3,"column":27},"end":{"line":14,"column":2}}},"fnMap":{},"branchMap":{},"s":{"0":1},"f":{},"b":{},"_coverageSchema":"1a1c01bbd47fc00a2c39e90264f33305004495a9","hash":"860060dd3f95f0cf5477a43bb685537be60b11db"}
,"/Users/themeetpatel/Startups/biggdate/apps/mobile/src/lib/realtime.ts": {"path":"/Users/themeetpatel/Startups/biggdate/apps/mobile/src/lib/realtime.ts","statementMap":{"0":{"start":{"line":26,"column":2},"end":{"line":26,"column":35}},"1":{"start":{"line":28,"column":18},"end":{"line":47,"column":16}},"2":{"start":{"line":41,"column":20},"end":{"line":41,"column":31}},"3":{"start":{"line":43,"column":10},"end":{"line":43,"column":80}},"4":{"start":{"line":44,"column":8},"end":{"line":44,"column":26}},"5":{"start":{"line":49,"column":2},"end":{"line":51,"column":4}},"6":{"start":{"line":50,"column":4},"end":{"line":50,"column":41}}},"fnMap":{"0":{"name":"subscribeToThreadMessages","decl":{"start":{"line":22,"column":16},"end":{"line":22,"column":41}},"loc":{"start":{"line":25,"column":14},"end":{"line":52,"column":1}},"line":25},"1":{"name":"(anonymous_1)","decl":{"start":{"line":38,"column":6},"end":{"line":38,"column":7}},"loc":{"start":{"line":38,"column":34},"end":{"line":45,"column":7}},"line":38},"2":{"name":"(anonymous_2)","decl":{"start":{"line":49,"column":9},"end":{"line":49,"column":10}},"loc":{"start":{"line":49,"column":15},"end":{"line":51,"column":3}},"line":49}},"branchMap":{"0":{"loc":{"start":{"line":43,"column":10},"end":{"line":43,"column":80}},"type":"cond-expr","locations":[{"start":{"line":43,"column":47},"end":{"line":43,"column":72}},{"start":{"line":43,"column":76},"end":{"line":43,"column":80}}],"line":43},"1":{"loc":{"start":{"line":43,"column":10},"end":{"line":43,"column":43}},"type":"binary-expr","locations":[{"start":{"line":43,"column":10},"end":{"line":43,"column":13}},{"start":{"line":43,"column":17},"end":{"line":43,"column":43}}],"line":43}},"s":{"0":0,"1":0,"2":0,"3":0,"4":0,"5":0,"6":0},"f":{"0":0,"1":0,"2":0},"b":{"0":[0,0],"1":[0,0]}}
,"/Users/themeetpatel/Startups/biggdate/apps/mobile/src/lib/supabase.ts": {"path":"/Users/themeetpatel/Startups/biggdate/apps/mobile/src/lib/supabase.ts","statementMap":{"0":{"start":{"line":16,"column":40},"end":{"line":20,"column":1}},"1":{"start":{"line":17,"column":20},"end":{"line":17,"column":49}},"2":{"start":{"line":18,"column":27},"end":{"line":18,"column":63}},"3":{"start":{"line":19,"column":23},"end":{"line":19,"column":55}},"4":{"start":{"line":22,"column":24},"end":{"line":30,"column":2}},"5":{"start":{"line":38,"column":59},"end":{"line":47,"column":1}},"6":{"start":{"line":41,"column":4},"end":{"line":45,"column":5}},"7":{"start":{"line":42,"column":6},"end":{"line":42,"column":44}},"8":{"start":{"line":44,"column":6},"end":{"line":44,"column":43}},"9":{"start":{"line":50,"column":2},"end":{"line":50,"column":33}},"10":{"start":{"line":51,"column":2},"end":{"line":51,"column":30}}},"fnMap":{"0":{"name":"(anonymous_0)","decl":{"start":{"line":17,"column":11},"end":{"line":17,"column":12}},"loc":{"start":{"line":17,"column":20},"end":{"line":17,"column":49}},"line":17},"1":{"name":"(anonymous_1)","decl":{"start":{"line":18,"column":11},"end":{"line":18,"column":12}},"loc":{"start":{"line":18,"column":27},"end":{"line":18,"column":63}},"line":18},"2":{"name":"(anonymous_2)","decl":{"start":{"line":19,"column":14},"end":{"line":19,"column":15}},"loc":{"start":{"line":19,"column":23},"end":{"line":19,"column":55}},"line":19},"3":{"name":"(anonymous_3)","decl":{"start":{"line":40,"column":2},"end":{"line":40,"column":3}},"loc":{"start":{"line":40,"column":13},"end":{"line":46,"column":3}},"line":40},"4":{"name":"teardownSupabaseAppStateListener","decl":{"start":{"line":49,"column":16},"end":{"line":49,"column":48}},"loc":{"start":{"line":49,"column":57},"end":{"line":52,"column":1}},"line":49}},"branchMap":{"0":{"loc":{"start":{"line":41,"column":4},"end":{"line":45,"column":5}},"type":"if","locations":[{"start":{"line":41,"column":4},"end":{"line":45,"column":5}},{"start":{"line":43,"column":11},"end":{"line":45,"column":5}}],"line":41}},"s":{"0":1,"1":2,"2":0,"3":0,"4":1,"5":1,"6":0,"7":0,"8":0,"9":0,"10":0},"f":{"0":2,"1":0,"2":0,"3":0,"4":0},"b":{"0":[0,0]},"_coverageSchema":"1a1c01bbd47fc00a2c39e90264f33305004495a9","hash":"f4a4f3e3e40ee3b8ed7692bf46c9b90bce460a01"}
,"/Users/themeetpatel/Startups/biggdate/apps/mobile/src/lib/upload-photo.ts": {"path":"/Users/themeetpatel/Startups/biggdate/apps/mobile/src/lib/upload-photo.ts","statementMap":{"0":{"start":{"line":8,"column":16},"end":{"line":8,"column":45}},"1":{"start":{"line":10,"column":27},"end":{"line":10,"column":91}},"2":{"start":{"line":11,"column":24},"end":{"line":11,"column":40}},"3":{"start":{"line":12,"column":25},"end":{"line":12,"column":29}},"4":{"start":{"line":13,"column":27},"end":{"line":13,"column":31}},"5":{"start":{"line":30,"column":2},"end":{"line":35,"column":3}},"6":{"start":{"line":31,"column":18},"end":{"line":31,"column":34}},"7":{"start":{"line":32,"column":4},"end":{"line":32,"column":97}},"8":{"start":{"line":34,"column":4},"end":{"line":34,"column":14}},"9":{"start":{"line":39,"column":20},"end":{"line":39,"column":66}},"10":{"start":{"line":40,"column":2},"end":{"line":42,"column":3}},"11":{"start":{"line":41,"column":4},"end":{"line":41,"column":40}},"12":{"start":{"line":43,"column":2},"end":{"line":45,"column":4}},"13":{"start":{"line":49,"column":2},"end":{"line":49,"column":44}},"14":{"start":{"line":49,"column":22},"end":{"line":49,"column":44}},"15":{"start":{"line":50,"column":14},"end":{"line":50,"column":64}},"16":{"start":{"line":51,"column":2},"end":{"line":51,"column":38}},"17":{"start":{"line":63,"column":2},"end":{"line":65,"column":3}},"18":{"start":{"line":64,"column":4},"end":{"line":64,"column":70}},"19":{"start":{"line":67,"column":21},"end":{"line":67,"column":40}},"20":{"start":{"line":69,"column":4},"end":{"line":69,"column":83}},"21":{"start":{"line":70,"column":27},"end":{"line":70,"column":54}},"22":{"start":{"line":72,"column":2},"end":{"line":76,"column":3}},"23":{"start":{"line":75,"column":4},"end":{"line":75,"column":86}},"24":{"start":{"line":79,"column":16},"end":{"line":79,"column":32}},"25":{"start":{"line":80,"column":17},"end":{"line":80,"column":34}},"26":{"start":{"line":82,"column":4},"end":{"line":84,"column":86}},"27":{"start":{"line":88,"column":4},"end":{"line":88,"column":59}},"28":{"start":{"line":90,"column":4},"end":{"line":92,"column":40}},"29":{"start":{"line":94,"column":17},"end":{"line":98,"column":3}},"30":{"start":{"line":100,"column":2},"end":{"line":104,"column":4}},"31":{"start":{"line":115,"column":19},"end":{"line":115,"column":53}},"32":{"start":{"line":117,"column":19},"end":{"line":117,"column":51}},"33":{"start":{"line":118,"column":16},"end":{"line":118,"column":42}},"34":{"start":{"line":119,"column":2},"end":{"line":121,"column":3}},"35":{"start":{"line":120,"column":4},"end":{"line":120,"column":60}},"36":{"start":{"line":123,"column":30},"end":{"line":123,"column":93}},"37":{"start":{"line":124,"column":19},"end":{"line":124,"column":33}},"38":{"start":{"line":128,"column":2},"end":{"line":128,"column":52}},"39":{"start":{"line":131,"column":19},"end":{"line":135,"column":4}},"40":{"start":{"line":137,"column":18},"end":{"line":137,"column":50}},"41":{"start":{"line":138,"column":2},"end":{"line":141,"column":3}},"42":{"start":{"line":139,"column":20},"end":{"line":139,"column":94}},"43":{"start":{"line":140,"column":4},"end":{"line":140,"column":29}},"44":{"start":{"line":142,"column":2},"end":{"line":144,"column":3}},"45":{"start":{"line":143,"column":4},"end":{"line":143,"column":58}},"46":{"start":{"line":145,"column":2},"end":{"line":145,"column":26}}},"fnMap":{"0":{"name":"safeParse","decl":{"start":{"line":29,"column":9},"end":{"line":29,"column":18}},"loc":{"start":{"line":29,"column":58},"end":{"line":36,"column":1}},"line":29},"1":{"name":"pickMimeType","decl":{"start":{"line":38,"column":9},"end":{"line":38,"column":21}},"loc":{"start":{"line":38,"column":64},"end":{"line":46,"column":1}},"line":38},"2":{"name":"fileNameFor","decl":{"start":{"line":48,"column":9},"end":{"line":48,"column":20}},"loc":{"start":{"line":48,"column":77},"end":{"line":52,"column":1}},"line":48},"3":{"name":"prepareImageForUpload","decl":{"start":{"line":60,"column":22},"end":{"line":60,"column":43}},"loc":{"start":{"line":62,"column":26},"end":{"line":105,"column":1}},"line":62},"4":{"name":"uploadProfilePhoto","decl":{"start":{"line":114,"column":22},"end":{"line":114,"column":40}},"loc":{"start":{"line":114,"column":83},"end":{"line":146,"column":1}},"line":114}},"branchMap":{"0":{"loc":{"start":{"line":32,"column":11},"end":{"line":32,"column":96}},"type":"cond-expr","locations":[{"start":{"line":32,"column":58},"end":{"line":32,"column":90}},{"start":{"line":32,"column":94},"end":{"line":32,"column":96}}],"line":32},"1":{"loc":{"start":{"line":32,"column":11},"end":{"line":32,"column":54}},"type":"binary-expr","locations":[{"start":{"line":32,"column":11},"end":{"line":32,"column":36}},{"start":{"line":32,"column":40},"end":{"line":32,"column":54}}],"line":32},"2":{"loc":{"start":{"line":39,"column":21},"end":{"line":39,"column":51}},"type":"binary-expr","locations":[{"start":{"line":39,"column":21},"end":{"line":39,"column":35}},{"start":{"line":39,"column":39},"end":{"line":39,"column":51}}],"line":39},"3":{"loc":{"start":{"line":40,"column":2},"end":{"line":42,"column":3}},"type":"if","locations":[{"start":{"line":40,"column":2},"end":{"line":42,"column":3}},{"start":{},"end":{}}],"line":40},"4":{"loc":{"start":{"line":49,"column":2},"end":{"line":49,"column":44}},"type":"if","locations":[{"start":{"line":49,"column":2},"end":{"line":49,"column":44}},{"start":{},"end":{}}],"line":49},"5":{"loc":{"start":{"line":50,"column":14},"end":{"line":50,"column":64}},"type":"cond-expr","locations":[{"start":{"line":50,"column":38},"end":{"line":50,"column":43}},{"start":{"line":50,"column":46},"end":{"line":50,"column":64}}],"line":50},"6":{"loc":{"start":{"line":63,"column":2},"end":{"line":65,"column":3}},"type":"if","locations":[{"start":{"line":63,"column":2},"end":{"line":65,"column":3}},{"start":{},"end":{}}],"line":63},"7":{"loc":{"start":{"line":63,"column":6},"end":{"line":63,"column":76}},"type":"binary-expr","locations":[{"start":{"line":63,"column":6},"end":{"line":63,"column":40}},{"start":{"line":63,"column":44},"end":{"line":63,"column":76}}],"line":63},"8":{"loc":{"start":{"line":69,"column":4},"end":{"line":69,"column":83}},"type":"binary-expr","locations":[{"start":{"line":69,"column":4},"end":{"line":69,"column":41}},{"start":{"line":69,"column":45},"end":{"line":69,"column":83}}],"line":69},"9":{"loc":{"start":{"line":69,"column":5},"end":{"line":69,"column":21}},"type":"binary-expr","locations":[{"start":{"line":69,"column":5},"end":{"line":69,"column":16}},{"start":{"line":69,"column":20},"end":{"line":69,"column":21}}],"line":69},"10":{"loc":{"start":{"line":69,"column":46},"end":{"line":69,"column":63}},"type":"binary-expr","locations":[{"start":{"line":69,"column":46},"end":{"line":69,"column":58}},{"start":{"line":69,"column":62},"end":{"line":69,"column":63}}],"line":69},"11":{"loc":{"start":{"line":72,"column":2},"end":{"line":76,"column":3}},"type":"if","locations":[{"start":{"line":72,"column":2},"end":{"line":76,"column":3}},{"start":{},"end":{}}],"line":72},"12":{"loc":{"start":{"line":72,"column":6},"end":{"line":72,"column":39}},"type":"binary-expr","locations":[{"start":{"line":72,"column":6},"end":{"line":72,"column":18}},{"start":{"line":72,"column":22},"end":{"line":72,"column":39}}],"line":72},"13":{"loc":{"start":{"line":79,"column":16},"end":{"line":79,"column":32}},"type":"binary-expr","locations":[{"start":{"line":79,"column":16},"end":{"line":79,"column":27}},{"start":{"line":79,"column":31},"end":{"line":79,"column":32}}],"line":79},"14":{"loc":{"start":{"line":80,"column":17},"end":{"line":80,"column":34}},"type":"binary-expr","locations":[{"start":{"line":80,"column":17},"end":{"line":80,"column":29}},{"start":{"line":80,"column":33},"end":{"line":80,"column":34}}],"line":80},"15":{"loc":{"start":{"line":82,"column":4},"end":{"line":84,"column":86}},"type":"cond-expr","locations":[{"start":{"line":83,"column":8},"end":{"line":83,"column":84}},{"start":{"line":84,"column":8},"end":{"line":84,"column":86}}],"line":82},"16":{"loc":{"start":{"line":83,"column":36},"end":{"line":83,"column":61}},"type":"binary-expr","locations":[{"start":{"line":83,"column":36},"end":{"line":83,"column":41}},{"start":{"line":83,"column":45},"end":{"line":83,"column":61}}],"line":83},"17":{"loc":{"start":{"line":84,"column":37},"end":{"line":84,"column":63}},"type":"binary-expr","locations":[{"start":{"line":84,"column":37},"end":{"line":84,"column":43}},{"start":{"line":84,"column":47},"end":{"line":84,"column":63}}],"line":84},"18":{"loc":{"start":{"line":88,"column":4},"end":{"line":88,"column":59}},"type":"cond-expr","locations":[{"start":{"line":88,"column":33},"end":{"line":88,"column":44}},{"start":{"line":88,"column":47},"end":{"line":88,"column":59}}],"line":88},"19":{"loc":{"start":{"line":90,"column":4},"end":{"line":92,"column":40}},"type":"cond-expr","locations":[{"start":{"line":91,"column":8},"end":{"line":91,"column":39}},{"start":{"line":92,"column":8},"end":{"line":92,"column":40}}],"line":90},"20":{"loc":{"start":{"line":119,"column":2},"end":{"line":121,"column":3}},"type":"if","locations":[{"start":{"line":119,"column":2},"end":{"line":121,"column":3}},{"start":{},"end":{}}],"line":119},"21":{"loc":{"start":{"line":138,"column":2},"end":{"line":141,"column":3}},"type":"if","locations":[{"start":{"line":138,"column":2},"end":{"line":141,"column":3}},{"start":{},"end":{}}],"line":138},"22":{"loc":{"start":{"line":139,"column":20},"end":{"line":139,"column":94}},"type":"cond-expr","locations":[{"start":{"line":139,"column":56},"end":{"line":139,"column":69}},{"start":{"line":139,"column":72},"end":{"line":139,"column":94}}],"line":139},"23":{"loc":{"start":{"line":142,"column":2},"end":{"line":144,"column":3}},"type":"if","locations":[{"start":{"line":142,"column":2},"end":{"line":144,"column":3}},{"start":{},"end":{}}],"line":142}},"s":{"0":1,"1":1,"2":1,"3":1,"4":1,"5":0,"6":0,"7":0,"8":0,"9":4,"10":4,"11":3,"12":1,"13":3,"14":1,"15":2,"16":2,"17":5,"18":1,"19":4,"20":3,"21":3,"22":3,"23":1,"24":2,"25":2,"26":2,"27":2,"28":2,"29":2,"30":2,"31":0,"32":0,"33":0,"34":0,"35":0,"36":0,"37":0,"38":0,"39":0,"40":0,"41":0,"42":0,"43":0,"44":0,"45":0,"46":0},"f":{"0":0,"1":4,"2":3,"3":5,"4":0},"b":{"0":[0,0],"1":[0,0],"2":[4,0],"3":[3,1],"4":[1,2],"5":[2,0],"6":[1,4],"7":[5,5],"8":[3,2],"9":[3,0],"10":[2,0],"11":[1,2],"12":[3,2],"13":[2,0],"14":[2,0],"15":[1,1],"16":[1,0],"17":[1,0],"18":[0,2],"19":[0,2],"20":[0,0],"21":[0,0],"22":[0,0],"23":[0,0]},"_coverageSchema":"1a1c01bbd47fc00a2c39e90264f33305004495a9","hash":"b2491d4bbb2b7f6a4daa4fbf4f9ae95e3fb738fe"}
,"/Users/themeetpatel/Startups/biggdate/apps/mobile/src/lib/use-intros.ts": {"path":"/Users/themeetpatel/Startups/biggdate/apps/mobile/src/lib/use-intros.ts","statementMap":{"0":{"start":{"line":14,"column":37},"end":{"line":14,"column":64}},"1":{"start":{"line":15,"column":41},"end":{"line":15,"column":72}},"2":{"start":{"line":19,"column":22},"end":{"line":19,"column":31}},"3":{"start":{"line":20,"column":2},"end":{"line":24,"column":5}},"4":{"start":{"line":23,"column":19},"end":{"line":23,"column":50}},"5":{"start":{"line":29,"column":22},"end":{"line":29,"column":31}},"6":{"start":{"line":30,"column":2},"end":{"line":34,"column":5}},"7":{"start":{"line":33,"column":19},"end":{"line":33,"column":74}},"8":{"start":{"line":46,"column":2},"end":{"line":52,"column":5}},"9":{"start":{"line":48,"column":6},"end":{"line":48,"column":79}},"10":{"start":{"line":50,"column":6},"end":{"line":50,"column":78}},"11":{"start":{"line":62,"column":2},"end":{"line":69,"column":5}},"12":{"start":{"line":64,"column":6},"end":{"line":64,"column":59}},"13":{"start":{"line":66,"column":6},"end":{"line":66,"column":82}},"14":{"start":{"line":67,"column":6},"end":{"line":67,"column":74}},"15":{"start":{"line":80,"column":2},"end":{"line":86,"column":5}},"16":{"start":{"line":82,"column":6},"end":{"line":82,"column":58}},"17":{"start":{"line":84,"column":6},"end":{"line":84,"column":74}}},"fnMap":{"0":{"name":"useSentIntros","decl":{"start":{"line":18,"column":16},"end":{"line":18,"column":29}},"loc":{"start":{"line":18,"column":32},"end":{"line":25,"column":1}},"line":18},"1":{"name":"(anonymous_1)","decl":{"start":{"line":23,"column":13},"end":{"line":23,"column":14}},"loc":{"start":{"line":23,"column":19},"end":{"line":23,"column":50}},"line":23},"2":{"name":"useReceivedIntros","decl":{"start":{"line":28,"column":16},"end":{"line":28,"column":33}},"loc":{"start":{"line":28,"column":36},"end":{"line":35,"column":1}},"line":28},"3":{"name":"(anonymous_3)","decl":{"start":{"line":33,"column":13},"end":{"line":33,"column":14}},"loc":{"start":{"line":33,"column":19},"end":{"line":33,"column":74}},"line":33},"4":{"name":"useSendSoulKnock","decl":{"start":{"line":45,"column":16},"end":{"line":45,"column":32}},"loc":{"start":{"line":45,"column":35},"end":{"line":53,"column":1}},"line":45},"5":{"name":"(anonymous_5)","decl":{"start":{"line":47,"column":16},"end":{"line":47,"column":17}},"loc":{"start":{"line":48,"column":6},"end":{"line":48,"column":79}},"line":48},"6":{"name":"(anonymous_6)","decl":{"start":{"line":49,"column":15},"end":{"line":49,"column":16}},"loc":{"start":{"line":49,"column":21},"end":{"line":51,"column":5}},"line":49},"7":{"name":"useRespondToKnock","decl":{"start":{"line":61,"column":16},"end":{"line":61,"column":33}},"loc":{"start":{"line":61,"column":36},"end":{"line":70,"column":1}},"line":61},"8":{"name":"(anonymous_8)","decl":{"start":{"line":63,"column":16},"end":{"line":63,"column":17}},"loc":{"start":{"line":64,"column":6},"end":{"line":64,"column":59}},"line":64},"9":{"name":"(anonymous_9)","decl":{"start":{"line":65,"column":15},"end":{"line":65,"column":16}},"loc":{"start":{"line":65,"column":21},"end":{"line":68,"column":5}},"line":65},"10":{"name":"usePassMatch","decl":{"start":{"line":79,"column":16},"end":{"line":79,"column":28}},"loc":{"start":{"line":79,"column":31},"end":{"line":87,"column":1}},"line":79},"11":{"name":"(anonymous_11)","decl":{"start":{"line":81,"column":16},"end":{"line":81,"column":17}},"loc":{"start":{"line":82,"column":6},"end":{"line":82,"column":58}},"line":82},"12":{"name":"(anonymous_12)","decl":{"start":{"line":83,"column":15},"end":{"line":83,"column":16}},"loc":{"start":{"line":83,"column":21},"end":{"line":85,"column":5}},"line":83}},"branchMap":{},"s":{"0":0,"1":0,"2":0,"3":0,"4":0,"5":0,"6":0,"7":0,"8":0,"9":0,"10":0,"11":0,"12":0,"13":0,"14":0,"15":0,"16":0,"17":0},"f":{"0":0,"1":0,"2":0,"3":0,"4":0,"5":0,"6":0,"7":0,"8":0,"9":0,"10":0,"11":0,"12":0},"b":{}}
,"/Users/themeetpatel/Startups/biggdate/apps/mobile/src/lib/use-life-preview.ts": {"path":"/Users/themeetpatel/Startups/biggdate/apps/mobile/src/lib/use-life-preview.ts","statementMap":{"0":{"start":{"line":14,"column":22},"end":{"line":14,"column":31}},"1":{"start":{"line":15,"column":2},"end":{"line":20,"column":5}},"2":{"start":{"line":19,"column":19},"end":{"line":19,"column":74}}},"fnMap":{"0":{"name":"useLifePreview","decl":{"start":{"line":13,"column":16},"end":{"line":13,"column":30}},"loc":{"start":{"line":13,"column":48},"end":{"line":21,"column":1}},"line":13},"1":{"name":"(anonymous_1)","decl":{"start":{"line":19,"column":13},"end":{"line":19,"column":14}},"loc":{"start":{"line":19,"column":19},"end":{"line":19,"column":74}},"line":19}},"branchMap":{"0":{"loc":{"start":{"line":17,"column":13},"end":{"line":17,"column":49}},"type":"binary-expr","locations":[{"start":{"line":17,"column":13},"end":{"line":17,"column":29}},{"start":{"line":17,"column":33},"end":{"line":17,"column":49}}],"line":17}},"s":{"0":0,"1":0,"2":0},"f":{"0":0,"1":0},"b":{"0":[0,0]}}
,"/Users/themeetpatel/Startups/biggdate/apps/mobile/src/lib/use-matches.ts": {"path":"/Users/themeetpatel/Startups/biggdate/apps/mobile/src/lib/use-matches.ts","statementMap":{"0":{"start":{"line":8,"column":33},"end":{"line":8,"column":53}},"1":{"start":{"line":12,"column":22},"end":{"line":12,"column":31}},"2":{"start":{"line":13,"column":2},"end":{"line":17,"column":5}},"3":{"start":{"line":16,"column":19},"end":{"line":16,"column":51}},"4":{"start":{"line":22,"column":2},"end":{"line":27,"column":5}},"5":{"start":{"line":23,"column":22},"end":{"line":23,"column":77}},"6":{"start":{"line":25,"column":6},"end":{"line":25,"column":64}}},"fnMap":{"0":{"name":"useMatches","decl":{"start":{"line":11,"column":16},"end":{"line":11,"column":26}},"loc":{"start":{"line":11,"column":29},"end":{"line":18,"column":1}},"line":11},"1":{"name":"(anonymous_1)","decl":{"start":{"line":16,"column":13},"end":{"line":16,"column":14}},"loc":{"start":{"line":16,"column":19},"end":{"line":16,"column":51}},"line":16},"2":{"name":"useGenerateMatches","decl":{"start":{"line":21,"column":16},"end":{"line":21,"column":34}},"loc":{"start":{"line":21,"column":37},"end":{"line":28,"column":1}},"line":21},"3":{"name":"(anonymous_3)","decl":{"start":{"line":23,"column":16},"end":{"line":23,"column":17}},"loc":{"start":{"line":23,"column":22},"end":{"line":23,"column":77}},"line":23},"4":{"name":"(anonymous_4)","decl":{"start":{"line":24,"column":15},"end":{"line":24,"column":16}},"loc":{"start":{"line":24,"column":25},"end":{"line":26,"column":5}},"line":24}},"branchMap":{},"s":{"0":0,"1":0,"2":0,"3":0,"4":0,"5":0,"6":0},"f":{"0":0,"1":0,"2":0,"3":0,"4":0},"b":{}}
,"/Users/themeetpatel/Startups/biggdate/apps/mobile/src/lib/use-messages.ts": {"path":"/Users/themeetpatel/Startups/biggdate/apps/mobile/src/lib/use-messages.ts","statementMap":{"0":{"start":{"line":8,"column":33},"end":{"line":8,"column":53}},"1":{"start":{"line":11,"column":2},"end":{"line":11,"column":39}},"2":{"start":{"line":16,"column":22},"end":{"line":16,"column":31}},"3":{"start":{"line":17,"column":2},"end":{"line":21,"column":5}},"4":{"start":{"line":20,"column":19},"end":{"line":20,"column":60}},"5":{"start":{"line":26,"column":22},"end":{"line":26,"column":31}},"6":{"start":{"line":27,"column":2},"end":{"line":31,"column":5}},"7":{"start":{"line":30,"column":19},"end":{"line":30,"column":77}},"8":{"start":{"line":46,"column":2},"end":{"line":59,"column":5}},"9":{"start":{"line":48,"column":6},"end":{"line":48,"column":62}},"10":{"start":{"line":50,"column":6},"end":{"line":50,"column":81}},"11":{"start":{"line":51,"column":21},"end":{"line":53,"column":7}},"12":{"start":{"line":54,"column":29},"end":{"line":54,"column":68}},"13":{"start":{"line":55,"column":6},"end":{"line":57,"column":7}},"14":{"start":{"line":56,"column":8},"end":{"line":56,"column":76}}},"fnMap":{"0":{"name":"threadQueryKey","decl":{"start":{"line":10,"column":16},"end":{"line":10,"column":30}},"loc":{"start":{"line":10,"column":78},"end":{"line":12,"column":1}},"line":10},"1":{"name":"useThreads","decl":{"start":{"line":15,"column":16},"end":{"line":15,"column":26}},"loc":{"start":{"line":15,"column":62},"end":{"line":22,"column":1}},"line":15},"2":{"name":"(anonymous_2)","decl":{"start":{"line":20,"column":13},"end":{"line":20,"column":14}},"loc":{"start":{"line":20,"column":19},"end":{"line":20,"column":60}},"line":20},"3":{"name":"useThread","decl":{"start":{"line":25,"column":16},"end":{"line":25,"column":25}},"loc":{"start":{"line":25,"column":82},"end":{"line":32,"column":1}},"line":25},"4":{"name":"(anonymous_4)","decl":{"start":{"line":30,"column":13},"end":{"line":30,"column":14}},"loc":{"start":{"line":30,"column":19},"end":{"line":30,"column":77}},"line":30},"5":{"name":"useSendMessage","decl":{"start":{"line":43,"column":16},"end":{"line":43,"column":30}},"loc":{"start":{"line":45,"column":45},"end":{"line":60,"column":1}},"line":45},"6":{"name":"(anonymous_6)","decl":{"start":{"line":47,"column":16},"end":{"line":47,"column":17}},"loc":{"start":{"line":48,"column":6},"end":{"line":48,"column":62}},"line":48},"7":{"name":"(anonymous_7)","decl":{"start":{"line":49,"column":15},"end":{"line":49,"column":16}},"loc":{"start":{"line":49,"column":21},"end":{"line":58,"column":5}},"line":49}},"branchMap":{"0":{"loc":{"start":{"line":29,"column":13},"end":{"line":29,"column":50}},"type":"binary-expr","locations":[{"start":{"line":29,"column":13},"end":{"line":29,"column":29}},{"start":{"line":29,"column":33},"end":{"line":29,"column":50}}],"line":29},"1":{"loc":{"start":{"line":54,"column":29},"end":{"line":54,"column":68}},"type":"binary-expr","locations":[{"start":{"line":54,"column":29},"end":{"line":54,"column":36}},{"start":{"line":54,"column":40},"end":{"line":54,"column":68}}],"line":54},"2":{"loc":{"start":{"line":55,"column":6},"end":{"line":57,"column":7}},"type":"if","locations":[{"start":{"line":55,"column":6},"end":{"line":57,"column":7}},{"start":{},"end":{}}],"line":55}},"s":{"0":1,"1":5,"2":0,"3":0,"4":0,"5":0,"6":0,"7":0,"8":0,"9":0,"10":0,"11":0,"12":0,"13":0,"14":0},"f":{"0":5,"1":0,"2":0,"3":0,"4":0,"5":0,"6":0,"7":0},"b":{"0":[0,0],"1":[0,0],"2":[0,0]},"_coverageSchema":"1a1c01bbd47fc00a2c39e90264f33305004495a9","hash":"9341f322c230c2fe90cd9ed9959a67c1a1d2996f"}
,"/Users/themeetpatel/Startups/biggdate/apps/mobile/src/lib/use-profile-status.ts": {"path":"/Users/themeetpatel/Startups/biggdate/apps/mobile/src/lib/use-profile-status.ts","statementMap":{"0":{"start":{"line":7,"column":40},"end":{"line":7,"column":63}},"1":{"start":{"line":15,"column":22},"end":{"line":15,"column":31}},"2":{"start":{"line":16,"column":2},"end":{"line":21,"column":5}},"3":{"start":{"line":20,"column":19},"end":{"line":20,"column":54}}},"fnMap":{"0":{"name":"useProfileStatus","decl":{"start":{"line":14,"column":16},"end":{"line":14,"column":32}},"loc":{"start":{"line":14,"column":35},"end":{"line":22,"column":1}},"line":14},"1":{"name":"(anonymous_1)","decl":{"start":{"line":20,"column":13},"end":{"line":20,"column":14}},"loc":{"start":{"line":20,"column":19},"end":{"line":20,"column":54}},"line":20}},"branchMap":{},"s":{"0":0,"1":0,"2":0,"3":0},"f":{"0":0,"1":0},"b":{}}
,"/Users/themeetpatel/Startups/biggdate/apps/mobile/src/lib/use-profile.ts": {"path":"/Users/themeetpatel/Startups/biggdate/apps/mobile/src/lib/use-profile.ts","statementMap":{"0":{"start":{"line":9,"column":33},"end":{"line":9,"column":53}},"1":{"start":{"line":13,"column":22},"end":{"line":13,"column":31}},"2":{"start":{"line":14,"column":2},"end":{"line":18,"column":5}},"3":{"start":{"line":17,"column":19},"end":{"line":17,"column":59}},"4":{"start":{"line":23,"column":2},"end":{"line":30,"column":5}},"5":{"start":{"line":25,"column":6},"end":{"line":25,"column":55}},"6":{"start":{"line":27,"column":6},"end":{"line":27,"column":56}},"7":{"start":{"line":28,"column":6},"end":{"line":28,"column":81}}},"fnMap":{"0":{"name":"useProfile","decl":{"start":{"line":12,"column":16},"end":{"line":12,"column":26}},"loc":{"start":{"line":12,"column":29},"end":{"line":19,"column":1}},"line":12},"1":{"name":"(anonymous_1)","decl":{"start":{"line":17,"column":13},"end":{"line":17,"column":14}},"loc":{"start":{"line":17,"column":19},"end":{"line":17,"column":59}},"line":17},"2":{"name":"useUpdateProfile","decl":{"start":{"line":22,"column":16},"end":{"line":22,"column":32}},"loc":{"start":{"line":22,"column":35},"end":{"line":31,"column":1}},"line":22},"3":{"name":"(anonymous_3)","decl":{"start":{"line":24,"column":16},"end":{"line":24,"column":17}},"loc":{"start":{"line":25,"column":6},"end":{"line":25,"column":55}},"line":25},"4":{"name":"(anonymous_4)","decl":{"start":{"line":26,"column":15},"end":{"line":26,"column":16}},"loc":{"start":{"line":26,"column":25},"end":{"line":29,"column":5}},"line":26}},"branchMap":{},"s":{"0":0,"1":0,"2":0,"3":0,"4":0,"5":0,"6":0,"7":0},"f":{"0":0,"1":0,"2":0,"3":0,"4":0},"b":{}}
,"/Users/themeetpatel/Startups/biggdate/apps/mobile/src/lib/use-pulse.ts": {"path":"/Users/themeetpatel/Startups/biggdate/apps/mobile/src/lib/use-pulse.ts","statementMap":{"0":{"start":{"line":21,"column":36},"end":{"line":21,"column":62}},"1":{"start":{"line":23,"column":44},"end":{"line":23,"column":58}},"2":{"start":{"line":26,"column":2},"end":{"line":26,"column":53}},"3":{"start":{"line":38,"column":22},"end":{"line":38,"column":31}},"4":{"start":{"line":39,"column":20},"end":{"line":39,"column":34}},"5":{"start":{"line":40,"column":2},"end":{"line":56,"column":5}},"6":{"start":{"line":51,"column":21},"end":{"line":51,"column":61}},"7":{"start":{"line":52,"column":6},"end":{"line":52,"column":53}},"8":{"start":{"line":52,"column":21},"end":{"line":52,"column":53}},"9":{"start":{"line":53,"column":6},"end":{"line":53,"column":81}},"10":{"start":{"line":55,"column":36},"end":{"line":55,"column":68}},"11":{"start":{"line":61,"column":22},"end":{"line":61,"column":31}},"12":{"start":{"line":62,"column":2},"end":{"line":66,"column":5}},"13":{"start":{"line":65,"column":19},"end":{"line":65,"column":76}},"14":{"start":{"line":81,"column":2},"end":{"line":86,"column":5}},"15":{"start":{"line":82,"column":27},"end":{"line":82,"column":78}},"16":{"start":{"line":84,"column":6},"end":{"line":84,"column":77}},"17":{"start":{"line":95,"column":2},"end":{"line":98,"column":5}},"18":{"start":{"line":97,"column":6},"end":{"line":97,"column":78}}},"fnMap":{"0":{"name":"safeSort","decl":{"start":{"line":25,"column":16},"end":{"line":25,"column":24}},"loc":{"start":{"line":25,"column":53},"end":{"line":27,"column":1}},"line":25},"1":{"name":"usePulseFeed","decl":{"start":{"line":35,"column":16},"end":{"line":35,"column":28}},"loc":{"start":{"line":37,"column":81},"end":{"line":57,"column":1}},"line":37},"2":{"name":"(anonymous_2)","decl":{"start":{"line":50,"column":13},"end":{"line":50,"column":14}},"loc":{"start":{"line":50,"column":32},"end":{"line":54,"column":5}},"line":50},"3":{"name":"(anonymous_3)","decl":{"start":{"line":55,"column":22},"end":{"line":55,"column":23}},"loc":{"start":{"line":55,"column":36},"end":{"line":55,"column":68}},"line":55},"4":{"name":"useTodayPrompt","decl":{"start":{"line":60,"column":16},"end":{"line":60,"column":30}},"loc":{"start":{"line":60,"column":71},"end":{"line":67,"column":1}},"line":60},"5":{"name":"(anonymous_5)","decl":{"start":{"line":65,"column":13},"end":{"line":65,"column":14}},"loc":{"start":{"line":65,"column":19},"end":{"line":65,"column":76}},"line":65},"6":{"name":"useCreatePulsePost","decl":{"start":{"line":76,"column":16},"end":{"line":76,"column":34}},"loc":{"start":{"line":80,"column":2},"end":{"line":87,"column":1}},"line":80},"7":{"name":"(anonymous_7)","decl":{"start":{"line":82,"column":16},"end":{"line":82,"column":17}},"loc":{"start":{"line":82,"column":27},"end":{"line":82,"column":78}},"line":82},"8":{"name":"(anonymous_8)","decl":{"start":{"line":83,"column":15},"end":{"line":83,"column":16}},"loc":{"start":{"line":83,"column":21},"end":{"line":85,"column":5}},"line":83},"9":{"name":"useReactToPost","decl":{"start":{"line":90,"column":16},"end":{"line":90,"column":30}},"loc":{"start":{"line":94,"column":2},"end":{"line":99,"column":1}},"line":94},"10":{"name":"(anonymous_10)","decl":{"start":{"line":96,"column":16},"end":{"line":96,"column":17}},"loc":{"start":{"line":97,"column":6},"end":{"line":97,"column":78}},"line":97}},"branchMap":{"0":{"loc":{"start":{"line":26,"column":9},"end":{"line":26,"column":52}},"type":"cond-expr","locations":[{"start":{"line":26,"column":40},"end":{"line":26,"column":44}},{"start":{"line":26,"column":47},"end":{"line":26,"column":52}}],"line":26},"1":{"loc":{"start":{"line":36,"column":2},"end":{"line":36,"column":25}},"type":"default-arg","locations":[{"start":{"line":36,"column":20},"end":{"line":36,"column":25}}],"line":36},"2":{"loc":{"start":{"line":52,"column":6},"end":{"line":52,"column":53}},"type":"if","locations":[{"start":{"line":52,"column":6},"end":{"line":52,"column":53}},{"start":{},"end":{}}],"line":52},"3":{"loc":{"start":{"line":55,"column":36},"end":{"line":55,"column":68}},"type":"binary-expr","locations":[{"start":{"line":55,"column":36},"end":{"line":55,"column":55}},{"start":{"line":55,"column":59},"end":{"line":55,"column":68}}],"line":55}},"s":{"0":1,"1":1,"2":4,"3":0,"4":0,"5":0,"6":0,"7":0,"8":0,"9":0,"10":0,"11":0,"12":0,"13":0,"14":0,"15":0,"16":0,"17":0,"18":0},"f":{"0":4,"1":0,"2":0,"3":0,"4":0,"5":0,"6":0,"7":0,"8":0,"9":0,"10":0},"b":{"0":[2,2],"1":[0],"2":[0,0],"3":[0,0]},"_coverageSchema":"1a1c01bbd47fc00a2c39e90264f33305004495a9","hash":"14e415e1469a7fbc169320258ab7a3ea9aaf48a2"}
,"/Users/themeetpatel/Startups/biggdate/apps/mobile/src/lib/uuid.ts": {"path":"/Users/themeetpatel/Startups/biggdate/apps/mobile/src/lib/uuid.ts","statementMap":{"0":{"start":{"line":2,"column":2},"end":{"line":2,"column":67}},"1":{"start":{"line":5,"column":2},"end":{"line":5,"column":34}},"2":{"start":{"line":9,"column":2},"end":{"line":11,"column":3}},"3":{"start":{"line":10,"column":4},"end":{"line":10,"column":59}}},"fnMap":{"0":{"name":"isUuid","decl":{"start":{"line":4,"column":16},"end":{"line":4,"column":22}},"loc":{"start":{"line":4,"column":47},"end":{"line":6,"column":1}},"line":4},"1":{"name":"assertUuid","decl":{"start":{"line":8,"column":16},"end":{"line":8,"column":26}},"loc":{"start":{"line":8,"column":63},"end":{"line":12,"column":1}},"line":8}},"branchMap":{"0":{"loc":{"start":{"line":9,"column":2},"end":{"line":11,"column":3}},"type":"if","locations":[{"start":{"line":9,"column":2},"end":{"line":11,"column":3}},{"start":{},"end":{}}],"line":9}},"s":{"0":1,"1":12,"2":2,"3":1},"f":{"0":12,"1":2},"b":{"0":[1,1]},"_coverageSchema":"1a1c01bbd47fc00a2c39e90264f33305004495a9","hash":"e12ad4e052f4753307f1eb56d75a290051f4a785"}
}
