TN:
SF:src/components/ai-chat.tsx
FN:38,messageText
FN:40,(anonymous_1)
FN:49,AiChat
FN:61,(anonymous_3)
FN:65,(anonymous_4)
FN:81,handleSend
FN:106,(anonymous_6)
FN:123,(anonymous_7)
FNF:8
FNH:0
FNDA:0,messageText
FNDA:0,(anonymous_1)
FNDA:0,AiChat
FNDA:0,(anonymous_3)
FNDA:0,(anonymous_4)
FNDA:0,handleSend
FNDA:0,(anonymous_6)
FNDA:0,(anonymous_7)
DA:25,0
DA:39,0
DA:40,0
DA:57,0
DA:58,0
DA:60,0
DA:62,0
DA:66,0
DA:67,0
DA:68,0
DA:69,0
DA:70,0
DA:76,0
DA:77,0
DA:79,0
DA:82,0
DA:83,0
DA:84,0
DA:85,0
DA:88,0
DA:106,0
DA:124,0
DA:125,0
DA:126,0
DA:127,0
DA:182,0
LF:26
LH:0
BRDA:40,0,0,0
BRDA:40,0,1,0
BRDA:69,1,0,0
BRDA:69,1,1,0
BRDA:77,2,0,0
BRDA:77,2,1,0
BRDA:83,3,0,0
BRDA:83,3,1,0
BRDA:83,4,0,0
BRDA:83,4,1,0
BRDA:92,5,0,0
BRDA:92,5,1,0
BRDA:102,6,0,0
BRDA:102,6,1,0
BRDA:117,7,0,0
BRDA:117,7,1,0
BRDA:126,8,0,0
BRDA:126,8,1,0
BRDA:128,9,0,0
BRDA:128,9,1,0
BRDA:132,10,0,0
BRDA:132,10,1,0
BRDA:136,11,0,0
BRDA:136,11,1,0
BRDA:145,12,0,0
BRDA:145,12,1,0
BRDA:165,13,0,0
BRDA:165,13,1,0
BRDA:169,14,0,0
BRDA:169,14,1,0
BRDA:169,15,0,0
BRDA:169,15,1,0
BRF:32
BRH:0
end_of_record
TN:
SF:src/components/animated-icon.tsx
FN:29,AnimatedSplashOverlay
FN:36,(anonymous_1)
FN:83,AnimatedIcon
FNF:3
FNH:0
FNDA:0,AnimatedSplashOverlay
FNDA:0,(anonymous_1)
FNDA:0,AnimatedIcon
DA:7,0
DA:8,0
DA:10,0
DA:30,0
DA:32,0
DA:34,0
DA:38,0
DA:39,0
DA:47,0
DA:57,0
DA:74,0
DA:84,0
DA:98,0
LF:13
LH:0
BRDA:32,0,0,0
BRDA:32,0,1,0
BRDA:38,1,0,0
BRDA:38,1,1,0
BRF:4
BRH:0
end_of_record
TN:
SF:src/components/animated-icon.web.tsx
FN:8,AnimatedSplashOverlay
FN:57,AnimatedIcon
FNF:2
FNH:0
FNDA:0,AnimatedSplashOverlay
FNDA:0,AnimatedIcon
DA:6,0
DA:9,0
DA:12,0
DA:26,0
DA:42,0
DA:58,0
DA:75,0
LF:7
LH:0
BRF:0
BRH:0
end_of_record
TN:
SF:src/components/error-boundary.tsx
FN:28,(anonymous_0)
FN:32,(anonymous_1)
FN:39,(anonymous_2)
FN:43,(anonymous_3)
FNF:4
FNH:0
FNDA:0,(anonymous_0)
FNDA:0,(anonymous_1)
FNDA:0,(anonymous_2)
FNDA:0,(anonymous_3)
DA:26,0
DA:29,0
DA:34,0
DA:35,0
DA:39,0
DA:40,0
DA:44,0
DA:45,0
DA:60,0
DA:64,0
LF:10
LH:0
BRDA:34,0,0,0
BRDA:34,0,1,0
BRDA:34,1,0,0
BRDA:34,1,1,0
BRDA:44,2,0,0
BRDA:44,2,1,0
BRDA:49,3,0,0
BRDA:49,3,1,0
BRDA:52,4,0,0
BRDA:52,4,1,0
BRF:10
BRH:0
end_of_record
TN:
SF:src/components/external-link.tsx
FN:7,ExternalLink
FN:13,(anonymous_1)
FNF:2
FNH:0
FNDA:0,ExternalLink
FNDA:0,(anonymous_1)
DA:8,0
DA:14,0
DA:16,0
DA:18,0
LF:4
LH:0
BRDA:14,0,0,0
BRDA:14,0,1,0
BRF:2
BRH:0
end_of_record
TN:
SF:src/components/hint-row.tsx
FN:14,HintRow
FNF:1
FNH:0
FNDA:0,HintRow
DA:15,0
DA:25,0
LF:2
LH:0
BRDA:14,0,0,0
BRDA:14,1,0,0
BRF:2
BRH:0
end_of_record
TN:
SF:src/components/match-card.tsx
FN:14,MatchCard
FN:21,(anonymous_1)
FNF:2
FNH:0
FNDA:0,MatchCard
FNDA:0,(anonymous_1)
DA:15,0
DA:17,0
DA:21,0
DA:57,0
LF:4
LH:0
BRDA:23,0,0,0
BRDA:23,0,1,0
BRDA:47,1,0,0
BRDA:47,1,1,0
BRF:4
BRH:0
end_of_record
TN:
SF:src/components/photo-editor.tsx
FN:20,PhotoEditor
FN:25,handleAdd
FN:53,handleRemove
FN:54,(anonymous_3)
FN:63,(anonymous_4)
FN:68,(anonymous_5)
FNF:6
FNH:0
FNDA:0,PhotoEditor
FNDA:0,handleAdd
FNDA:0,handleRemove
FNDA:0,(anonymous_3)
FNDA:0,(anonymous_4)
FNDA:0,(anonymous_5)
DA:11,0
DA:21,0
DA:22,0
DA:23,0
DA:26,0
DA:27,0
DA:28,0
DA:29,0
DA:30,0
DA:32,0
DA:38,0
DA:39,0
DA:40,0
DA:42,0
DA:43,0
DA:44,0
DA:45,0
DA:47,0
DA:49,0
DA:54,0
DA:57,0
DA:59,0
DA:64,0
DA:68,0
DA:114,0
LF:25
LH:0
BRDA:28,0,0,0
BRDA:28,0,1,0
BRDA:38,1,0,0
BRDA:38,1,1,0
BRDA:40,2,0,0
BRDA:40,2,1,0
BRDA:47,3,0,0
BRDA:47,3,1,0
BRDA:57,4,0,0
BRDA:57,4,1,0
BRDA:86,5,0,0
BRDA:86,5,1,0
BRDA:98,6,0,0
BRDA:98,6,1,0
BRDA:105,7,0,0
BRDA:105,7,1,0
BRF:16
BRH:0
end_of_record
TN:
SF:src/components/pulse-post-card.tsx
FN:17,PulsePostCard
FN:23,handleReact
FN:26,(anonymous_2)
FN:28,(anonymous_3)
FN:30,(anonymous_4)
FNF:5
FNH:0
FNDA:0,PulsePostCard
FNDA:0,handleReact
FNDA:0,(anonymous_2)
FNDA:0,(anonymous_3)
FNDA:0,(anonymous_4)
DA:11,0
DA:18,0
DA:19,0
DA:20,0
DA:21,0
DA:24,0
DA:25,0
DA:26,0
DA:27,0
DA:29,0
DA:30,0
DA:35,0
DA:81,0
LF:13
LH:0
BRDA:26,0,0,0
BRDA:26,0,1,0
BRDA:30,1,0,0
BRDA:30,1,1,0
BRDA:42,2,0,0
BRDA:42,2,1,0
BRDA:46,3,0,0
BRDA:46,3,1,0
BRDA:46,4,0,0
BRDA:46,4,1,0
BRDA:62,5,0,0
BRDA:62,5,1,0
BRDA:64,6,0,0
BRDA:64,6,1,0
BRF:14
BRH:0
end_of_record
TN:
SF:src/components/screen-placeholder.tsx
FN:14,ScreenPlaceholder
FNF:1
FNH:0
FNDA:0,ScreenPlaceholder
DA:15,0
DA:27,0
LF:2
LH:0
BRF:0
BRH:0
end_of_record
TN:
SF:src/components/themed-text.tsx
FN:11,ThemedText
FNF:1
FNH:0
FNDA:0,ThemedText
DA:12,0
DA:14,0
DA:33,0
LF:3
LH:0
BRDA:11,0,0,0
BRDA:17,1,0,0
BRDA:17,1,1,0
BRDA:18,2,0,0
BRDA:18,2,1,0
BRDA:19,3,0,0
BRDA:19,3,1,0
BRDA:20,4,0,0
BRDA:20,4,1,0
BRDA:21,5,0,0
BRDA:21,5,1,0
BRDA:22,6,0,0
BRDA:22,6,1,0
BRDA:23,7,0,0
BRDA:23,7,1,0
BRDA:24,8,0,0
BRDA:24,8,1,0
BRDA:25,9,0,0
BRDA:25,9,1,0
BRDA:70,10,0,0
BRDA:70,10,1,0
BRF:21
BRH:0
end_of_record
TN:
SF:src/components/themed-view.tsx
FN:12,ThemedView
FNF:1
FNH:0
FNDA:0,ThemedView
DA:19,0
DA:20,0
DA:21,0
DA:22,0
DA:24,0
LF:5
LH:0
BRDA:21,0,0,0
BRDA:21,0,1,0
BRDA:22,1,0,0
BRDA:22,1,1,0
BRDA:22,2,0,0
BRDA:22,2,1,0
BRF:6
BRH:0
end_of_record
TN:
SF:src/components/ui/birthday-field.tsx
FN:17,formatDisplay
FN:29,BirthdayField
FN:33,handleChange
FN:47,(anonymous_3)
FNF:4
FNH:0
FNDA:0,formatDisplay
FNDA:0,BirthdayField
FNDA:0,handleChange
FNDA:0,(anonymous_3)
DA:18,0
DA:30,0
DA:31,0
DA:34,0
DA:35,0
DA:37,0
DA:38,0
DA:42,0
DA:47,0
DA:68,0
LF:10
LH:0
BRDA:34,0,0,0
BRDA:34,0,1,0
BRDA:37,1,0,0
BRDA:37,1,1,0
BRDA:37,2,0,0
BRDA:37,2,1,0
BRDA:44,3,0,0
BRDA:44,3,1,0
BRDA:49,4,0,0
BRDA:49,4,1,0
BRDA:50,5,0,0
BRDA:50,5,1,0
BRDA:55,6,0,0
BRDA:55,6,1,0
BRDA:58,7,0,0
BRDA:58,7,1,0
BRDA:59,8,0,0
BRDA:59,8,1,0
BRF:18
BRH:0
end_of_record
TN:
SF:src/components/ui/button.tsx
FN:20,Button
FN:36,(anonymous_1)
FNF:2
FNH:0
FNDA:0,Button
FNDA:0,(anonymous_1)
DA:27,0
DA:28,0
DA:29,0
DA:31,0
DA:36,0
DA:57,0
LF:6
LH:0
BRDA:22,0,0,0
BRDA:23,1,0,0
BRDA:29,2,0,0
BRDA:29,2,1,0
BRDA:39,3,0,0
BRDA:39,3,1,0
BRDA:40,4,0,0
BRDA:40,4,1,0
BRDA:40,5,0,0
BRDA:40,5,1,0
BRDA:44,6,0,0
BRDA:44,6,1,0
BRDA:45,7,0,0
BRDA:45,7,1,0
BRDA:49,8,0,0
BRDA:49,8,1,0
BRF:16
BRH:0
end_of_record
TN:
SF:src/components/ui/chip.tsx
FN:13,Chip
FN:21,(anonymous_1)
FNF:2
FNH:0
FNDA:0,Chip
FNDA:0,(anonymous_1)
DA:14,0
DA:16,0
DA:21,0
DA:37,0
LF:4
LH:0
BRDA:24,0,0,0
BRDA:24,0,1,0
BRDA:25,1,0,0
BRDA:25,1,1,0
BRDA:30,2,0,0
BRDA:30,2,1,0
BRF:6
BRH:0
end_of_record
TN:
SF:src/components/ui/collapsible.tsx
FN:11,Collapsible
FN:18,(anonymous_1)
FN:19,(anonymous_2)
FN:19,(anonymous_3)
FNF:4
FNH:0
FNDA:0,Collapsible
FNDA:0,(anonymous_1)
FNDA:0,(anonymous_2)
FNDA:0,(anonymous_3)
DA:12,0
DA:13,0
DA:15,0
DA:18,0
DA:19,0
DA:43,0
LF:6
LH:0
BRDA:18,0,0,0
BRDA:18,0,1,0
BRDA:26,1,0,0
BRDA:26,1,1,0
BRDA:32,2,0,0
BRDA:32,2,1,0
BRF:6
BRH:0
end_of_record
TN:
SF:src/components/ui/text-field.tsx
FN:15,TextField
FN:37,(anonymous_1)
FN:38,(anonymous_2)
FNF:3
FNH:0
FNDA:0,TextField
FNDA:0,(anonymous_1)
FNDA:0,(anonymous_2)
DA:8,0
DA:16,0
DA:17,0
DA:19,0
DA:37,0
DA:38,0
DA:50,0
LF:7
LH:0
BRDA:29,0,0,0
BRDA:29,0,1,0
BRDA:31,1,0,0
BRDA:31,1,1,0
BRDA:41,2,0,0
BRDA:41,2,1,0
BRF:6
BRH:0
end_of_record
TN:
SF:src/constants/theme.ts
FNF:0
FNH:0
DA:10,0
DA:31,0
DA:56,0
DA:66,0
DA:67,0
LF:5
LH:0
BRDA:66,0,0,0
BRDA:66,0,1,0
BRF:2
BRH:0
end_of_record
TN:
SF:src/hooks/use-color-scheme.ts
FNF:0
FNH:0
LF:0
LH:0
BRF:0
BRH:0
end_of_record
TN:
SF:src/hooks/use-color-scheme.web.ts
FN:7,useColorScheme
FN:10,(anonymous_1)
FNF:2
FNH:0
FNDA:0,useColorScheme
FNDA:0,(anonymous_1)
DA:8,0
DA:10,0
DA:11,0
DA:14,0
DA:16,0
DA:17,0
DA:20,0
LF:7
LH:0
BRDA:16,0,0,0
BRDA:16,0,1,0
BRF:2
BRH:0
end_of_record
TN:
SF:src/hooks/use-theme.ts
FN:9,useTheme
FNF:1
FNH:0
FNDA:0,useTheme
DA:10,0
DA:11,0
DA:13,0
LF:3
LH:0
BRDA:11,0,0,0
BRDA:11,0,1,0
BRF:2
BRH:0
end_of_record
TN:
SF:src/lib/age.ts
FN:12,ageInYears
FN:21,isUnderage
FNF:2
FNH:2
FNDA:9,ageInYears
FNDA:4,isUnderage
DA:5,1
DA:13,9
DA:14,9
DA:15,9
DA:16,3
DA:18,9
DA:22,4
LF:7
LH:7
BRDA:12,0,0,0
BRDA:15,1,0,3
BRDA:15,1,1,6
BRDA:15,2,0,9
BRDA:15,2,1,8
BRDA:15,2,2,7
BRDA:21,3,0,0
BRF:7
BRH:5
end_of_record
TN:
SF:src/lib/api.ts
FN:13,(anonymous_0)
FNF:1
FNH:0
FNDA:0,(anonymous_0)
DA:11,1
DA:14,0
DA:15,0
LF:3
LH:1
BRDA:15,0,0,0
BRDA:15,0,1,0
BRF:2
BRH:0
end_of_record
TN:
SF:src/lib/auth-context.tsx
FN:38,AuthProvider
FN:42,(anonymous_1)
FN:46,(anonymous_2)
FN:50,(anonymous_3)
FN:56,(anonymous_4)
FN:59,(anonymous_5)
FN:62,(anonymous_6)
FN:69,(anonymous_7)
FN:72,(anonymous_8)
FN:79,(anonymous_9)
FN:112,(anonymous_10)
FN:118,(anonymous_11)
FN:131,useAuth
FNF:13
FNH:0
FNDA:0,AuthProvider
FNDA:0,(anonymous_1)
FNDA:0,(anonymous_2)
FNDA:0,(anonymous_3)
FNDA:0,(anonymous_4)
FNDA:0,(anonymous_5)
FNDA:0,(anonymous_6)
FNDA:0,(anonymous_7)
FNDA:0,(anonymous_8)
FNDA:0,(anonymous_9)
FNDA:0,(anonymous_10)
FNDA:0,(anonymous_11)
FNDA:0,useAuth
DA:36,1
DA:39,0
DA:40,0
DA:42,0
DA:43,0
DA:44,0
DA:47,0
DA:48,0
DA:53,0
DA:54,0
DA:57,0
DA:59,0
DA:60,0
DA:62,0
DA:63,0
DA:64,0
DA:68,0
DA:69,0
DA:73,0
DA:77,0
DA:82,0
DA:92,0
DA:93,0
DA:99,0
DA:100,0
DA:105,0
DA:109,0
DA:110,0
DA:113,0
DA:116,0
DA:119,0
DA:122,0
DA:128,0
DA:132,0
DA:133,0
DA:134,0
DA:136,0
LF:37
LH:1
BRDA:47,0,0,0
BRDA:47,0,1,0
BRDA:53,1,0,0
BRDA:53,1,1,0
BRDA:57,2,0,0
BRDA:57,2,1,0
BRDA:77,3,0,0
BRDA:77,3,1,0
BRDA:90,4,0,0
BRDA:90,4,1,0
BRDA:92,5,0,0
BRDA:92,5,1,0
BRDA:96,6,0,0
BRDA:96,6,1,0
BRDA:99,7,0,0
BRDA:99,7,1,0
BRDA:109,8,0,0
BRDA:109,8,1,0
BRDA:122,9,0,0
BRDA:122,9,1,0
BRDA:133,10,0,0
BRDA:133,10,1,0
BRF:22
BRH:0
end_of_record
TN:
SF:src/lib/env.ts
FN:11,required
FN:20,apiUrlValue
FNF:2
FNH:2
FNDA:2,required
FNDA:1,apiUrlValue
DA:12,2
DA:13,0
DA:17,2
DA:21,1
DA:22,1
DA:23,0
DA:24,0
DA:28,0
DA:31,1
LF:9
LH:5
BRDA:12,0,0,0
BRDA:12,0,1,2
BRDA:12,1,0,2
BRDA:12,1,1,2
BRDA:22,2,0,1
BRDA:22,2,1,0
BRDA:22,3,0,1
BRDA:22,3,1,1
BRDA:23,4,0,0
BRDA:23,4,1,0
BRF:10
BRH:6
end_of_record
TN:
SF:src/lib/onboarding-options.ts
FNF:0
FNH:0
DA:11,0
DA:22,0
DA:27,0
LF:3
LH:0
BRF:0
BRH:0
end_of_record
TN:
SF:src/lib/query-client.ts
FNF:0
FNH:0
DA:3,1
LF:1
LH:1
BRF:0
BRH:0
end_of_record
TN:
SF:src/lib/realtime.ts
FN:22,subscribeToThreadMessages
FN:38,(anonymous_1)
FN:49,(anonymous_2)
FNF:3
FNH:0
FNDA:0,subscribeToThreadMessages
FNDA:0,(anonymous_1)
FNDA:0,(anonymous_2)
DA:26,0
DA:28,0
DA:41,0
DA:43,0
DA:44,0
DA:49,0
DA:50,0
LF:7
LH:0
BRDA:43,0,0,0
BRDA:43,0,1,0
BRDA:43,1,0,0
BRDA:43,1,1,0
BRF:4
BRH:0
end_of_record
TN:
SF:src/lib/supabase.ts
FN:17,(anonymous_0)
FN:18,(anonymous_1)
FN:19,(anonymous_2)
FN:40,(anonymous_3)
FN:49,teardownSupabaseAppStateListener
FNF:5
FNH:1
FNDA:2,(anonymous_0)
FNDA:0,(anonymous_1)
FNDA:0,(anonymous_2)
FNDA:0,(anonymous_3)
FNDA:0,teardownSupabaseAppStateListener
DA:16,1
DA:17,2
DA:18,0
DA:19,0
DA:22,1
DA:38,1
DA:41,0
DA:42,0
DA:44,0
DA:50,0
DA:51,0
LF:11
LH:4
BRDA:41,0,0,0
BRDA:41,0,1,0
BRF:2
BRH:0
end_of_record
TN:
SF:src/lib/upload-photo.ts
FN:29,safeParse
FN:38,pickMimeType
FN:48,fileNameFor
FN:60,prepareImageForUpload
FN:114,uploadProfilePhoto
FNF:5
FNH:3
FNDA:0,safeParse
FNDA:4,pickMimeType
FNDA:3,fileNameFor
FNDA:5,prepareImageForUpload
FNDA:0,uploadProfilePhoto
DA:8,1
DA:10,1
DA:11,1
DA:12,1
DA:13,1
DA:30,0
DA:31,0
DA:32,0
DA:34,0
DA:39,4
DA:40,4
DA:41,3
DA:43,1
DA:49,3
DA:50,2
DA:51,2
DA:63,5
DA:64,1
DA:67,4
DA:69,3
DA:70,3
DA:72,3
DA:75,1
DA:79,2
DA:80,2
DA:82,2
DA:88,2
DA:90,2
DA:94,2
DA:100,2
DA:115,0
DA:117,0
DA:118,0
DA:119,0
DA:120,0
DA:123,0
DA:124,0
DA:128,0
DA:131,0
DA:137,0
DA:138,0
DA:139,0
DA:140,0
DA:142,0
DA:143,0
DA:145,0
LF:46
LH:26
BRDA:32,0,0,0
BRDA:32,0,1,0
BRDA:32,1,0,0
BRDA:32,1,1,0
BRDA:39,2,0,4
BRDA:39,2,1,0
BRDA:40,3,0,3
BRDA:40,3,1,1
BRDA:49,4,0,1
BRDA:49,4,1,2
BRDA:50,5,0,2
BRDA:50,5,1,0
BRDA:63,6,0,1
BRDA:63,6,1,4
BRDA:63,7,0,5
BRDA:63,7,1,5
BRDA:69,8,0,3
BRDA:69,8,1,2
BRDA:69,9,0,3
BRDA:69,9,1,0
BRDA:69,10,0,2
BRDA:69,10,1,0
BRDA:72,11,0,1
BRDA:72,11,1,2
BRDA:72,12,0,3
BRDA:72,12,1,2
BRDA:79,13,0,2
BRDA:79,13,1,0
BRDA:80,14,0,2
BRDA:80,14,1,0
BRDA:82,15,0,1
BRDA:82,15,1,1
BRDA:83,16,0,1
BRDA:83,16,1,0
BRDA:84,17,0,1
BRDA:84,17,1,0
BRDA:88,18,0,0
BRDA:88,18,1,2
BRDA:90,19,0,0
BRDA:90,19,1,2
BRDA:119,20,0,0
BRDA:119,20,1,0
BRDA:138,21,0,0
BRDA:138,21,1,0
BRDA:139,22,0,0
BRDA:139,22,1,0
BRDA:142,23,0,0
BRDA:142,23,1,0
BRF:48
BRH:26
end_of_record
TN:
SF:src/lib/use-intros.ts
FN:18,useSentIntros
FN:23,(anonymous_1)
FN:28,useReceivedIntros
FN:33,(anonymous_3)
FN:45,useSendSoulKnock
FN:47,(anonymous_5)
FN:49,(anonymous_6)
FN:61,useRespondToKnock
FN:63,(anonymous_8)
FN:65,(anonymous_9)
FN:79,usePassMatch
FN:81,(anonymous_11)
FN:83,(anonymous_12)
FNF:13
FNH:0
FNDA:0,useSentIntros
FNDA:0,(anonymous_1)
FNDA:0,useReceivedIntros
FNDA:0,(anonymous_3)
FNDA:0,useSendSoulKnock
FNDA:0,(anonymous_5)
FNDA:0,(anonymous_6)
FNDA:0,useRespondToKnock
FNDA:0,(anonymous_8)
FNDA:0,(anonymous_9)
FNDA:0,usePassMatch
FNDA:0,(anonymous_11)
FNDA:0,(anonymous_12)
DA:14,0
DA:15,0
DA:19,0
DA:20,0
DA:23,0
DA:29,0
DA:30,0
DA:33,0
DA:46,0
DA:48,0
DA:50,0
DA:62,0
DA:64,0
DA:66,0
DA:67,0
DA:80,0
DA:82,0
DA:84,0
LF:18
LH:0
BRF:0
BRH:0
end_of_record
TN:
SF:src/lib/use-life-preview.ts
FN:13,useLifePreview
FN:19,(anonymous_1)
FNF:2
FNH:0
FNDA:0,useLifePreview
FNDA:0,(anonymous_1)
DA:14,0
DA:15,0
DA:19,0
LF:3
LH:0
BRDA:17,0,0,0
BRDA:17,0,1,0
BRF:2
BRH:0
end_of_record
TN:
SF:src/lib/use-matches.ts
FN:11,useMatches
FN:16,(anonymous_1)
FN:21,useGenerateMatches
FN:23,(anonymous_3)
FN:24,(anonymous_4)
FNF:5
FNH:0
FNDA:0,useMatches
FNDA:0,(anonymous_1)
FNDA:0,useGenerateMatches
FNDA:0,(anonymous_3)
FNDA:0,(anonymous_4)
DA:8,0
DA:12,0
DA:13,0
DA:16,0
DA:22,0
DA:23,0
DA:25,0
LF:7
LH:0
BRF:0
BRH:0
end_of_record
TN:
SF:src/lib/use-messages.ts
FN:10,threadQueryKey
FN:15,useThreads
FN:20,(anonymous_2)
FN:25,useThread
FN:30,(anonymous_4)
FN:43,useSendMessage
FN:47,(anonymous_6)
FN:49,(anonymous_7)
FNF:8
FNH:1
FNDA:5,threadQueryKey
FNDA:0,useThreads
FNDA:0,(anonymous_2)
FNDA:0,useThread
FNDA:0,(anonymous_4)
FNDA:0,useSendMessage
FNDA:0,(anonymous_6)
FNDA:0,(anonymous_7)
DA:8,1
DA:11,5
DA:16,0
DA:17,0
DA:20,0
DA:26,0
DA:27,0
DA:30,0
DA:46,0
DA:48,0
DA:50,0
DA:51,0
DA:54,0
DA:55,0
DA:56,0
LF:15
LH:2
BRDA:29,0,0,0
BRDA:29,0,1,0
BRDA:54,1,0,0
BRDA:54,1,1,0
BRDA:55,2,0,0
BRDA:55,2,1,0
BRF:6
BRH:0
end_of_record
TN:
SF:src/lib/use-profile-status.ts
FN:14,useProfileStatus
FN:20,(anonymous_1)
FNF:2
FNH:0
FNDA:0,useProfileStatus
FNDA:0,(anonymous_1)
DA:7,0
DA:15,0
DA:16,0
DA:20,0
LF:4
LH:0
BRF:0
BRH:0
end_of_record
TN:
SF:src/lib/use-profile.ts
FN:12,useProfile
FN:17,(anonymous_1)
FN:22,useUpdateProfile
FN:24,(anonymous_3)
FN:26,(anonymous_4)
FNF:5
FNH:0
FNDA:0,useProfile
FNDA:0,(anonymous_1)
FNDA:0,useUpdateProfile
FNDA:0,(anonymous_3)
FNDA:0,(anonymous_4)
DA:9,0
DA:13,0
DA:14,0
DA:17,0
DA:23,0
DA:25,0
DA:27,0
DA:28,0
LF:8
LH:0
BRF:0
BRH:0
end_of_record
TN:
SF:src/lib/use-pulse.ts
FN:25,safeSort
FN:35,usePulseFeed
FN:50,(anonymous_2)
FN:55,(anonymous_3)
FN:60,useTodayPrompt
FN:65,(anonymous_5)
FN:76,useCreatePulsePost
FN:82,(anonymous_7)
FN:83,(anonymous_8)
FN:90,useReactToPost
FN:96,(anonymous_10)
FNF:11
FNH:1
FNDA:4,safeSort
FNDA:0,usePulseFeed
FNDA:0,(anonymous_2)
FNDA:0,(anonymous_3)
FNDA:0,useTodayPrompt
FNDA:0,(anonymous_5)
FNDA:0,useCreatePulsePost
FNDA:0,(anonymous_7)
FNDA:0,(anonymous_8)
FNDA:0,useReactToPost
FNDA:0,(anonymous_10)
DA:21,1
DA:23,1
DA:26,4
DA:38,0
DA:39,0
DA:40,0
DA:51,0
DA:52,0
DA:53,0
DA:55,0
DA:61,0
DA:62,0
DA:65,0
DA:81,0
DA:82,0
DA:84,0
DA:95,0
DA:97,0
LF:18
LH:3
BRDA:26,0,0,2
BRDA:26,0,1,2
BRDA:36,1,0,0
BRDA:52,2,0,0
BRDA:52,2,1,0
BRDA:55,3,0,0
BRDA:55,3,1,0
BRF:7
BRH:2
end_of_record
TN:
SF:src/lib/uuid.ts
FN:4,isUuid
FN:8,assertUuid
FNF:2
FNH:2
FNDA:12,isUuid
FNDA:2,assertUuid
DA:2,1
DA:5,12
DA:9,2
DA:10,1
LF:4
LH:4
BRDA:9,0,0,1
BRDA:9,0,1,1
BRF:2
BRH:2
end_of_record
